[debug] [2024-06-06T06:40:15.866Z] ----------------------------------------------------------------------
[debug] [2024-06-06T06:40:15.868Z] Command:       C:\Program Files\nodejs\node.exe C:\Users\lindo\AppData\Roaming\npm\node_modules\firebase-tools\lib\bin\firebase.js deploy --only functions
[debug] [2024-06-06T06:40:15.868Z] CLI Version:   13.10.2
[debug] [2024-06-06T06:40:15.868Z] Platform:      win32
[debug] [2024-06-06T06:40:15.869Z] Node Version:  v18.17.0
[debug] [2024-06-06T06:40:15.870Z] Time:          Thu Jun 06 2024 08:40:15 GMT+0200 (heure d’été d’Europe centrale)
[debug] [2024-06-06T06:40:15.870Z] ----------------------------------------------------------------------
[debug] 
[debug] [2024-06-06T06:40:15.936Z] > command requires scopes: ["email","openid","https://www.googleapis.com/auth/cloudplatformprojects.readonly","https://www.googleapis.com/auth/firebase","https://www.googleapis.com/auth/cloud-platform"]
[debug] [2024-06-06T06:40:15.936Z] > authorizing via signed-in user (anthony.casares@lindow.fr)
[debug] [2024-06-06T06:40:15.936Z] [iam] checking project lindow-9805a for permissions ["cloudfunctions.functions.create","cloudfunctions.functions.delete","cloudfunctions.functions.get","cloudfunctions.functions.list","cloudfunctions.functions.update","cloudfunctions.operations.get","firebase.projects.get"]
[debug] [2024-06-06T06:40:15.939Z] >>> [apiv2][query] POST https://cloudresourcemanager.googleapis.com/v1/projects/lindow-9805a:testIamPermissions [none]
[debug] [2024-06-06T06:40:15.939Z] >>> [apiv2][(partial)header] POST https://cloudresourcemanager.googleapis.com/v1/projects/lindow-9805a:testIamPermissions x-goog-quota-user=projects/lindow-9805a
[debug] [2024-06-06T06:40:15.939Z] >>> [apiv2][body] POST https://cloudresourcemanager.googleapis.com/v1/projects/lindow-9805a:testIamPermissions {"permissions":["cloudfunctions.functions.create","cloudfunctions.functions.delete","cloudfunctions.functions.get","cloudfunctions.functions.list","cloudfunctions.functions.update","cloudfunctions.operations.get","firebase.projects.get"]}
[debug] [2024-06-06T06:40:16.714Z] <<< [apiv2][status] POST https://cloudresourcemanager.googleapis.com/v1/projects/lindow-9805a:testIamPermissions 200
[debug] [2024-06-06T06:40:16.715Z] <<< [apiv2][body] POST https://cloudresourcemanager.googleapis.com/v1/projects/lindow-9805a:testIamPermissions {"permissions":["cloudfunctions.functions.create","cloudfunctions.functions.delete","cloudfunctions.functions.get","cloudfunctions.functions.list","cloudfunctions.functions.update","cloudfunctions.operations.get","firebase.projects.get"]}
[debug] [2024-06-06T06:40:16.715Z] >>> [apiv2][query] POST https://iam.googleapis.com/v1/projects/lindow-9805a/serviceAccounts/lindow-9805a@appspot.gserviceaccount.com:testIamPermissions [none]
[debug] [2024-06-06T06:40:16.715Z] >>> [apiv2][body] POST https://iam.googleapis.com/v1/projects/lindow-9805a/serviceAccounts/lindow-9805a@appspot.gserviceaccount.com:testIamPermissions {"permissions":["iam.serviceAccounts.actAs"]}
[debug] [2024-06-06T06:40:17.415Z] <<< [apiv2][status] POST https://iam.googleapis.com/v1/projects/lindow-9805a/serviceAccounts/lindow-9805a@appspot.gserviceaccount.com:testIamPermissions 200
[debug] [2024-06-06T06:40:17.415Z] <<< [apiv2][body] POST https://iam.googleapis.com/v1/projects/lindow-9805a/serviceAccounts/lindow-9805a@appspot.gserviceaccount.com:testIamPermissions {"permissions":["iam.serviceAccounts.actAs"]}
[info] 
[info] === Deploying to 'lindow-9805a'...
[info] 
[info] i  deploying functions 
[info] Running command: npm --prefix "$RESOURCE_DIR" run lint
[info] +  functions: Finished running predeploy script. 
[debug] [2024-06-06T06:40:20.651Z] >>> [apiv2][query] GET https://firebase.googleapis.com/v1beta1/projects/lindow-9805a [none]
[debug] [2024-06-06T06:40:20.860Z] <<< [apiv2][status] GET https://firebase.googleapis.com/v1beta1/projects/lindow-9805a 200
[debug] [2024-06-06T06:40:20.860Z] <<< [apiv2][body] GET https://firebase.googleapis.com/v1beta1/projects/lindow-9805a {"projectId":"lindow-9805a","projectNumber":"119518289749","displayName":"Lindow","name":"projects/lindow-9805a","resources":{"hostingSite":"lindow-9805a"},"state":"ACTIVE","etag":"1_d34ff6c5-0589-44a3-acb3-ea02b667c616"}
[info] i  functions: preparing codebase default for deployment 
[info] i  functions: ensuring required API cloudfunctions.googleapis.com is enabled... 
[info] i  functions: ensuring required API cloudbuild.googleapis.com is enabled... 
[info] i  artifactregistry: ensuring required API artifactregistry.googleapis.com is enabled... 
[debug] [2024-06-06T06:40:20.863Z] >>> [apiv2][query] GET https://serviceusage.googleapis.com/v1/projects/lindow-9805a/services/cloudfunctions.googleapis.com [none]
[debug] [2024-06-06T06:40:20.863Z] >>> [apiv2][(partial)header] GET https://serviceusage.googleapis.com/v1/projects/lindow-9805a/services/cloudfunctions.googleapis.com x-goog-quota-user=projects/lindow-9805a
[debug] [2024-06-06T06:40:20.864Z] >>> [apiv2][query] GET https://serviceusage.googleapis.com/v1/projects/lindow-9805a/services/runtimeconfig.googleapis.com [none]
[debug] [2024-06-06T06:40:20.864Z] >>> [apiv2][(partial)header] GET https://serviceusage.googleapis.com/v1/projects/lindow-9805a/services/runtimeconfig.googleapis.com x-goog-quota-user=projects/lindow-9805a
[debug] [2024-06-06T06:40:20.865Z] >>> [apiv2][query] GET https://serviceusage.googleapis.com/v1/projects/lindow-9805a/services/cloudbuild.googleapis.com [none]
[debug] [2024-06-06T06:40:20.865Z] >>> [apiv2][(partial)header] GET https://serviceusage.googleapis.com/v1/projects/lindow-9805a/services/cloudbuild.googleapis.com x-goog-quota-user=projects/lindow-9805a
[debug] [2024-06-06T06:40:20.866Z] >>> [apiv2][query] GET https://serviceusage.googleapis.com/v1/projects/lindow-9805a/services/artifactregistry.googleapis.com [none]
[debug] [2024-06-06T06:40:20.866Z] >>> [apiv2][(partial)header] GET https://serviceusage.googleapis.com/v1/projects/lindow-9805a/services/artifactregistry.googleapis.com x-goog-quota-user=projects/lindow-9805a
[debug] [2024-06-06T06:40:21.808Z] <<< [apiv2][status] GET https://serviceusage.googleapis.com/v1/projects/lindow-9805a/services/cloudbuild.googleapis.com 200
[debug] [2024-06-06T06:40:21.808Z] <<< [apiv2][body] GET https://serviceusage.googleapis.com/v1/projects/lindow-9805a/services/cloudbuild.googleapis.com [omitted]
[info] +  functions: required API cloudbuild.googleapis.com is enabled 
[debug] [2024-06-06T06:40:21.814Z] <<< [apiv2][status] GET https://serviceusage.googleapis.com/v1/projects/lindow-9805a/services/runtimeconfig.googleapis.com 200
[debug] [2024-06-06T06:40:21.815Z] <<< [apiv2][body] GET https://serviceusage.googleapis.com/v1/projects/lindow-9805a/services/runtimeconfig.googleapis.com [omitted]
[debug] [2024-06-06T06:40:21.820Z] <<< [apiv2][status] GET https://serviceusage.googleapis.com/v1/projects/lindow-9805a/services/artifactregistry.googleapis.com 200
[debug] [2024-06-06T06:40:21.820Z] <<< [apiv2][body] GET https://serviceusage.googleapis.com/v1/projects/lindow-9805a/services/artifactregistry.googleapis.com [omitted]
[info] +  artifactregistry: required API artifactregistry.googleapis.com is enabled 
[debug] [2024-06-06T06:40:21.898Z] <<< [apiv2][status] GET https://serviceusage.googleapis.com/v1/projects/lindow-9805a/services/cloudfunctions.googleapis.com 200
[debug] [2024-06-06T06:40:21.898Z] <<< [apiv2][body] GET https://serviceusage.googleapis.com/v1/projects/lindow-9805a/services/cloudfunctions.googleapis.com [omitted]
[info] +  functions: required API cloudfunctions.googleapis.com is enabled 
[debug] [2024-06-06T06:40:21.899Z] >>> [apiv2][query] GET https://firebase.googleapis.com/v1beta1/projects/lindow-9805a/adminSdkConfig [none]
[debug] [2024-06-06T06:40:22.126Z] <<< [apiv2][status] GET https://firebase.googleapis.com/v1beta1/projects/lindow-9805a/adminSdkConfig 200
[debug] [2024-06-06T06:40:22.126Z] <<< [apiv2][body] GET https://firebase.googleapis.com/v1beta1/projects/lindow-9805a/adminSdkConfig {"projectId":"lindow-9805a","storageBucket":"lindow-9805a.appspot.com"}
[debug] [2024-06-06T06:40:22.126Z] >>> [apiv2][query] GET https://runtimeconfig.googleapis.com/v1beta1/projects/lindow-9805a/configs [none]
[debug] [2024-06-06T06:40:22.301Z] <<< [apiv2][status] GET https://runtimeconfig.googleapis.com/v1beta1/projects/lindow-9805a/configs 200
[debug] [2024-06-06T06:40:22.302Z] <<< [apiv2][body] GET https://runtimeconfig.googleapis.com/v1beta1/projects/lindow-9805a/configs {}
[debug] [2024-06-06T06:40:22.303Z] Validating nodejs source
[debug] [2024-06-06T06:40:23.507Z] > [functions] package.json contents: {
  "name": "functions",
  "description": "Cloud Functions for Firebase",
  "scripts": {
    "lint": "eslint .",
    "serve": "firebase emulators:start --only functions",
    "shell": "firebase functions:shell",
    "start": "npm run shell",
    "deploy": "firebase deploy --only functions",
    "logs": "firebase functions:log"
  },
  "engines": {
    "node": "18"
  },
  "main": "index.js",
  "dependencies": {
    "firebase-admin": "^12.1.0",
    "firebase-functions": "^5.0.0",
    "nodemailer": "^6.9.13"
  },
  "devDependencies": {
    "eslint": "^8.15.0",
    "eslint-config-google": "^0.14.0",
    "firebase-functions-test": "^3.1.0"
  },
  "private": true
}
[debug] [2024-06-06T06:40:23.507Z] Building nodejs source
[info] i  functions: Loading and analyzing source code for codebase default to determine what to deploy 
[debug] [2024-06-06T06:40:23.509Z] Could not find functions.yaml. Must use http discovery
[debug] [2024-06-06T06:40:23.517Z] Found firebase-functions binary at 'C:\Users\lindo\OneDrive\Bureau\lindow\functions\node_modules\.bin\firebase-functions'
[info] Serving at port 8089

[debug] [2024-06-06T06:40:24.138Z] Got response from /__/functions.yaml {"endpoints":{"sendContactEmail":{"platform":"gcfv1","availableMemoryMb":null,"timeoutSeconds":null,"minInstances":null,"maxInstances":null,"ingressSettings":null,"serviceAccountEmail":null,"vpc":null,"httpsTrigger":{},"entryPoint":"sendContactEmail"}},"specVersion":"v1alpha1","requiredAPIs":[]}
[info] i  functions: preparing functions directory for uploading... 
[info] i  functions: packaged C:\Users\lindo\OneDrive\Bureau\lindow\functions (44.35 KB) for uploading 
[debug] [2024-06-06T06:40:24.205Z] >>> [apiv2][query] GET https://cloudfunctions.googleapis.com/v1/projects/lindow-9805a/locations/-/functions [none]
[debug] [2024-06-06T06:40:24.696Z] <<< [apiv2][status] GET https://cloudfunctions.googleapis.com/v1/projects/lindow-9805a/locations/-/functions 200
[debug] [2024-06-06T06:40:24.696Z] <<< [apiv2][body] GET https://cloudfunctions.googleapis.com/v1/projects/lindow-9805a/locations/-/functions {}
[debug] [2024-06-06T06:40:24.697Z] >>> [apiv2][query] GET https://cloudfunctions.googleapis.com/v2/projects/lindow-9805a/locations/-/functions filter=environment%3D%22GEN_2%22
[debug] [2024-06-06T06:40:25.754Z] <<< [apiv2][status] GET https://cloudfunctions.googleapis.com/v2/projects/lindow-9805a/locations/-/functions 200
[debug] [2024-06-06T06:40:25.754Z] <<< [apiv2][body] GET https://cloudfunctions.googleapis.com/v2/projects/lindow-9805a/locations/-/functions {}
[debug] [2024-06-06T06:40:25.757Z] >>> [apiv2][query] GET https://firebase.googleapis.com/v1beta1/projects/lindow-9805a [none]
[debug] [2024-06-06T06:40:26.002Z] <<< [apiv2][status] GET https://firebase.googleapis.com/v1beta1/projects/lindow-9805a 200
[debug] [2024-06-06T06:40:26.002Z] <<< [apiv2][body] GET https://firebase.googleapis.com/v1beta1/projects/lindow-9805a {"projectId":"lindow-9805a","projectNumber":"119518289749","displayName":"Lindow","name":"projects/lindow-9805a","resources":{"hostingSite":"lindow-9805a"},"state":"ACTIVE","etag":"1_d34ff6c5-0589-44a3-acb3-ea02b667c616"}
[debug] [2024-06-06T06:40:26.003Z] [functions] found 1 new HTTP functions, testing setIamPolicy permission...
[debug] [2024-06-06T06:40:26.003Z] >>> [apiv2][query] POST https://cloudresourcemanager.googleapis.com/v1/projects/lindow-9805a:testIamPermissions [none]
[debug] [2024-06-06T06:40:26.003Z] >>> [apiv2][(partial)header] POST https://cloudresourcemanager.googleapis.com/v1/projects/lindow-9805a:testIamPermissions x-goog-quota-user=projects/lindow-9805a
[debug] [2024-06-06T06:40:26.003Z] >>> [apiv2][body] POST https://cloudresourcemanager.googleapis.com/v1/projects/lindow-9805a:testIamPermissions {"permissions":["cloudfunctions.functions.setIamPolicy"]}
[debug] [2024-06-06T06:40:26.745Z] <<< [apiv2][status] POST https://cloudresourcemanager.googleapis.com/v1/projects/lindow-9805a:testIamPermissions 200
[debug] [2024-06-06T06:40:26.745Z] <<< [apiv2][body] POST https://cloudresourcemanager.googleapis.com/v1/projects/lindow-9805a:testIamPermissions {"permissions":["cloudfunctions.functions.setIamPolicy"]}
[debug] [2024-06-06T06:40:26.745Z] [functions] found setIamPolicy permission, proceeding with deploy
[debug] [2024-06-06T06:40:26.745Z] >>> [apiv2][query] POST https://cloudfunctions.googleapis.com/v1/projects/lindow-9805a/locations/us-central1/functions:generateUploadUrl [none]
[debug] [2024-06-06T06:40:26.745Z] >>> [apiv2][body] POST https://cloudfunctions.googleapis.com/v1/projects/lindow-9805a/locations/us-central1/functions:generateUploadUrl {}
[debug] [2024-06-06T06:40:27.356Z] <<< [apiv2][status] POST https://cloudfunctions.googleapis.com/v1/projects/lindow-9805a/locations/us-central1/functions:generateUploadUrl 200
[debug] [2024-06-06T06:40:27.357Z] <<< [apiv2][body] POST https://cloudfunctions.googleapis.com/v1/projects/lindow-9805a/locations/us-central1/functions:generateUploadUrl {"uploadUrl":"https://storage.googleapis.com/uploads-601302853065.us-central1.cloudfunctions.appspot.com/c460d28c-fb04-4fb5-bffb-3bc621e84616.zip?GoogleAccessId=service-119518289749@gcf-admin-robot.iam.gserviceaccount.com&Expires=1717657827&Signature=jMLK89PnKVFMNpwXxAHBT6ZO9QBCjjBCDrvm7uIOFAXdcTLnmYRlnFm3xbBqSun8RigGgqaoSfRsZIJW6g2kc3EQliDQj5z3qMJambo1pl0QNW3Hz%2B%2BxHJBcdo%2BtzUoJ%2FNUhqvOoKUUL9yOOMk4XDrCpXLyFvlw2aXw0cnVSiHit1K5jhTh9JNiwEYQIOA96nXCY1sguf2IXluGVr9klltdcgLs0GCnh3bPT1vEScvUVG%2BbWdZhD0baklFW4e0KY60pwcVRxSWx6ekXri8D5EespukpNkNKe1RGBX39SD%2BZ2h33bE5YFOscUWBPTuinmwtn1tBQK7dLk31%2B9KpM9cA%3D%3D"}
[debug] [2024-06-06T06:40:27.357Z] >>> [apiv2][query] PUT https://storage.googleapis.com/uploads-601302853065.us-central1.cloudfunctions.appspot.com/c460d28c-fb04-4fb5-bffb-3bc621e84616.zip GoogleAccessId=service-119518289749%40gcf-admin-robot.iam.gserviceaccount.com&Expires=1717657827&Signature=jMLK89PnKVFMNpwXxAHBT6ZO9QBCjjBCDrvm7uIOFAXdcTLnmYRlnFm3xbBqSun8RigGgqaoSfRsZIJW6g2kc3EQliDQj5z3qMJambo1pl0QNW3Hz%2B%2BxHJBcdo%2BtzUoJ%2FNUhqvOoKUUL9yOOMk4XDrCpXLyFvlw2aXw0cnVSiHit1K5jhTh9JNiwEYQIOA96nXCY1sguf2IXluGVr9klltdcgLs0GCnh3bPT1vEScvUVG%2BbWdZhD0baklFW4e0KY60pwcVRxSWx6ekXri8D5EespukpNkNKe1RGBX39SD%2BZ2h33bE5YFOscUWBPTuinmwtn1tBQK7dLk31%2B9KpM9cA%3D%3D
[debug] [2024-06-06T06:40:27.357Z] >>> [apiv2][body] PUT https://storage.googleapis.com/uploads-601302853065.us-central1.cloudfunctions.appspot.com/c460d28c-fb04-4fb5-bffb-3bc621e84616.zip [stream]
[debug] [2024-06-06T06:40:27.819Z] <<< [apiv2][status] PUT https://storage.googleapis.com/uploads-601302853065.us-central1.cloudfunctions.appspot.com/c460d28c-fb04-4fb5-bffb-3bc621e84616.zip 200
[debug] [2024-06-06T06:40:27.819Z] <<< [apiv2][body] PUT https://storage.googleapis.com/uploads-601302853065.us-central1.cloudfunctions.appspot.com/c460d28c-fb04-4fb5-bffb-3bc621e84616.zip [omitted]
[info] +  functions: functions folder uploaded successfully 
[info] i  functions: creating Node.js 18 (1st Gen) function sendContactEmail(us-central1)... 
[debug] [2024-06-06T06:40:27.823Z] >>> [apiv2][query] POST https://cloudfunctions.googleapis.com/v1/projects/lindow-9805a/locations/us-central1/functions [none]
[debug] [2024-06-06T06:40:27.823Z] >>> [apiv2][body] POST https://cloudfunctions.googleapis.com/v1/projects/lindow-9805a/locations/us-central1/functions {"name":"projects/lindow-9805a/locations/us-central1/functions/sendContactEmail","sourceUploadUrl":"https://storage.googleapis.com/uploads-601302853065.us-central1.cloudfunctions.appspot.com/c460d28c-fb04-4fb5-bffb-3bc621e84616.zip?GoogleAccessId=service-119518289749@gcf-admin-robot.iam.gserviceaccount.com&Expires=1717657827&Signature=jMLK89PnKVFMNpwXxAHBT6ZO9QBCjjBCDrvm7uIOFAXdcTLnmYRlnFm3xbBqSun8RigGgqaoSfRsZIJW6g2kc3EQliDQj5z3qMJambo1pl0QNW3Hz%2B%2BxHJBcdo%2BtzUoJ%2FNUhqvOoKUUL9yOOMk4XDrCpXLyFvlw2aXw0cnVSiHit1K5jhTh9JNiwEYQIOA96nXCY1sguf2IXluGVr9klltdcgLs0GCnh3bPT1vEScvUVG%2BbWdZhD0baklFW4e0KY60pwcVRxSWx6ekXri8D5EespukpNkNKe1RGBX39SD%2BZ2h33bE5YFOscUWBPTuinmwtn1tBQK7dLk31%2B9KpM9cA%3D%3D","entryPoint":"sendContactEmail","runtime":"nodejs18","dockerRegistry":"ARTIFACT_REGISTRY","labels":{"deployment-tool":"cli-firebase","firebase-functions-hash":"33e1c17b9747a964a2e21d1aa0956e062c18eaca"},"httpsTrigger":{"securityLevel":"SECURE_ALWAYS"},"minInstances":null,"maxInstances":null,"ingressSettings":null,"environmentVariables":{"FIREBASE_CONFIG":"{\"projectId\":\"lindow-9805a\",\"storageBucket\":\"lindow-9805a.appspot.com\"}","GCLOUD_PROJECT":"lindow-9805a","EVENTARC_CLOUD_EVENT_SOURCE":"projects/lindow-9805a/locations/us-central1/functions/sendContactEmail"},"serviceAccountEmail":null,"availableMemoryMb":null,"timeout":null,"vpcConnector":null,"vpcConnectorEgressSettings":null,"buildEnvironmentVariables":{"GOOGLE_NODE_RUN_SCRIPTS":""}}
[debug] [2024-06-06T06:40:28.364Z] <<< [apiv2][status] POST https://cloudfunctions.googleapis.com/v1/projects/lindow-9805a/locations/us-central1/functions 200
[debug] [2024-06-06T06:40:28.364Z] <<< [apiv2][body] POST https://cloudfunctions.googleapis.com/v1/projects/lindow-9805a/locations/us-central1/functions {"name":"operations/bGluZG93LTk4MDVhL3VzLWNlbnRyYWwxL3NlbmRDb250YWN0RW1haWwvQ21xZFhwdVcwbXc","metadata":{"@type":"type.googleapis.com/google.cloud.functions.v1.OperationMetadataV1","target":"projects/lindow-9805a/locations/us-central1/functions/sendContactEmail","type":"CREATE_FUNCTION","request":{"@type":"type.googleapis.com/google.cloud.functions.v1.CloudFunction","name":"projects/lindow-9805a/locations/us-central1/functions/sendContactEmail","httpsTrigger":{"securityLevel":"SECURE_ALWAYS"},"entryPoint":"sendContactEmail","labels":{"deployment-tool":"cli-firebase","firebase-functions-hash":"33e1c17b9747a964a2e21d1aa0956e062c18eaca"},"sourceUploadUrl":"https://storage.googleapis.com/uploads-601302853065.us-central1.cloudfunctions.appspot.com/c460d28c-fb04-4fb5-bffb-3bc621e84616.zip?GoogleAccessId=service-119518289749@gcf-admin-robot.iam.gserviceaccount.com&Expires=1717657827&Signature=jMLK89PnKVFMNpwXxAHBT6ZO9QBCjjBCDrvm7uIOFAXdcTLnmYRlnFm3xbBqSun8RigGgqaoSfRsZIJW6g2kc3EQliDQj5z3qMJambo1pl0QNW3Hz%2B%2BxHJBcdo%2BtzUoJ%2FNUhqvOoKUUL9yOOMk4XDrCpXLyFvlw2aXw0cnVSiHit1K5jhTh9JNiwEYQIOA96nXCY1sguf2IXluGVr9klltdcgLs0GCnh3bPT1vEScvUVG%2BbWdZhD0baklFW4e0KY60pwcVRxSWx6ekXri8D5EespukpNkNKe1RGBX39SD%2BZ2h33bE5YFOscUWBPTuinmwtn1tBQK7dLk31%2B9KpM9cA%3D%3D","environmentVariables":{"FIREBASE_CONFIG":"{\"projectId\":\"lindow-9805a\",\"storageBucket\":\"lindow-9805a.appspot.com\"}","GCLOUD_PROJECT":"lindow-9805a","EVENTARC_CLOUD_EVENT_SOURCE":"projects/lindow-9805a/locations/us-central1/functions/sendContactEmail"},"runtime":"nodejs18","buildEnvironmentVariables":{"GOOGLE_NODE_RUN_SCRIPTS":""},"dockerRegistry":"ARTIFACT_REGISTRY"},"versionId":"1","updateTime":"2024-06-06T06:40:28Z"}}
[debug] [2024-06-06T06:40:28.365Z] >>> [apiv2][query] GET https://cloudfunctions.googleapis.com/v1/operations/bGluZG93LTk4MDVhL3VzLWNlbnRyYWwxL3NlbmRDb250YWN0RW1haWwvQ21xZFhwdVcwbXc [none]
[debug] [2024-06-06T06:40:28.648Z] <<< [apiv2][status] GET https://cloudfunctions.googleapis.com/v1/operations/bGluZG93LTk4MDVhL3VzLWNlbnRyYWwxL3NlbmRDb250YWN0RW1haWwvQ21xZFhwdVcwbXc 200
[debug] [2024-06-06T06:40:28.648Z] <<< [apiv2][body] GET https://cloudfunctions.googleapis.com/v1/operations/bGluZG93LTk4MDVhL3VzLWNlbnRyYWwxL3NlbmRDb250YWN0RW1haWwvQ21xZFhwdVcwbXc {"name":"operations/bGluZG93LTk4MDVhL3VzLWNlbnRyYWwxL3NlbmRDb250YWN0RW1haWwvQ21xZFhwdVcwbXc","metadata":{"@type":"type.googleapis.com/google.cloud.functions.v1.OperationMetadataV1","target":"projects/lindow-9805a/locations/us-central1/functions/sendContactEmail","type":"CREATE_FUNCTION","request":{"@type":"type.googleapis.com/google.cloud.functions.v1.CloudFunction","name":"projects/lindow-9805a/locations/us-central1/functions/sendContactEmail","httpsTrigger":{"securityLevel":"SECURE_ALWAYS"},"entryPoint":"sendContactEmail","labels":{"deployment-tool":"cli-firebase","firebase-functions-hash":"33e1c17b9747a964a2e21d1aa0956e062c18eaca"},"sourceUploadUrl":"https://storage.googleapis.com/uploads-601302853065.us-central1.cloudfunctions.appspot.com/c460d28c-fb04-4fb5-bffb-3bc621e84616.zip?GoogleAccessId=service-119518289749@gcf-admin-robot.iam.gserviceaccount.com&Expires=1717657827&Signature=jMLK89PnKVFMNpwXxAHBT6ZO9QBCjjBCDrvm7uIOFAXdcTLnmYRlnFm3xbBqSun8RigGgqaoSfRsZIJW6g2kc3EQliDQj5z3qMJambo1pl0QNW3Hz%2B%2BxHJBcdo%2BtzUoJ%2FNUhqvOoKUUL9yOOMk4XDrCpXLyFvlw2aXw0cnVSiHit1K5jhTh9JNiwEYQIOA96nXCY1sguf2IXluGVr9klltdcgLs0GCnh3bPT1vEScvUVG%2BbWdZhD0baklFW4e0KY60pwcVRxSWx6ekXri8D5EespukpNkNKe1RGBX39SD%2BZ2h33bE5YFOscUWBPTuinmwtn1tBQK7dLk31%2B9KpM9cA%3D%3D","environmentVariables":{"FIREBASE_CONFIG":"{\"projectId\":\"lindow-9805a\",\"storageBucket\":\"lindow-9805a.appspot.com\"}","GCLOUD_PROJECT":"lindow-9805a","EVENTARC_CLOUD_EVENT_SOURCE":"projects/lindow-9805a/locations/us-central1/functions/sendContactEmail"},"runtime":"nodejs18","buildEnvironmentVariables":{"GOOGLE_NODE_RUN_SCRIPTS":""},"dockerRegistry":"ARTIFACT_REGISTRY"},"versionId":"1","updateTime":"2024-06-06T06:40:28Z"}}
[debug] [2024-06-06T06:40:29.148Z] [create-default-us-central1-sendContactEmail] Retrying task index 0
[debug] [2024-06-06T06:40:29.148Z] >>> [apiv2][query] GET https://cloudfunctions.googleapis.com/v1/operations/bGluZG93LTk4MDVhL3VzLWNlbnRyYWwxL3NlbmRDb250YWN0RW1haWwvQ21xZFhwdVcwbXc [none]
[debug] [2024-06-06T06:40:29.374Z] <<< [apiv2][status] GET https://cloudfunctions.googleapis.com/v1/operations/bGluZG93LTk4MDVhL3VzLWNlbnRyYWwxL3NlbmRDb250YWN0RW1haWwvQ21xZFhwdVcwbXc 200
[debug] [2024-06-06T06:40:29.374Z] <<< [apiv2][body] GET https://cloudfunctions.googleapis.com/v1/operations/bGluZG93LTk4MDVhL3VzLWNlbnRyYWwxL3NlbmRDb250YWN0RW1haWwvQ21xZFhwdVcwbXc {"name":"operations/bGluZG93LTk4MDVhL3VzLWNlbnRyYWwxL3NlbmRDb250YWN0RW1haWwvQ21xZFhwdVcwbXc","metadata":{"@type":"type.googleapis.com/google.cloud.functions.v1.OperationMetadataV1","target":"projects/lindow-9805a/locations/us-central1/functions/sendContactEmail","type":"CREATE_FUNCTION","request":{"@type":"type.googleapis.com/google.cloud.functions.v1.CloudFunction","name":"projects/lindow-9805a/locations/us-central1/functions/sendContactEmail","httpsTrigger":{"securityLevel":"SECURE_ALWAYS"},"entryPoint":"sendContactEmail","labels":{"deployment-tool":"cli-firebase","firebase-functions-hash":"33e1c17b9747a964a2e21d1aa0956e062c18eaca"},"sourceUploadUrl":"https://storage.googleapis.com/uploads-601302853065.us-central1.cloudfunctions.appspot.com/c460d28c-fb04-4fb5-bffb-3bc621e84616.zip?GoogleAccessId=service-119518289749@gcf-admin-robot.iam.gserviceaccount.com&Expires=1717657827&Signature=jMLK89PnKVFMNpwXxAHBT6ZO9QBCjjBCDrvm7uIOFAXdcTLnmYRlnFm3xbBqSun8RigGgqaoSfRsZIJW6g2kc3EQliDQj5z3qMJambo1pl0QNW3Hz%2B%2BxHJBcdo%2BtzUoJ%2FNUhqvOoKUUL9yOOMk4XDrCpXLyFvlw2aXw0cnVSiHit1K5jhTh9JNiwEYQIOA96nXCY1sguf2IXluGVr9klltdcgLs0GCnh3bPT1vEScvUVG%2BbWdZhD0baklFW4e0KY60pwcVRxSWx6ekXri8D5EespukpNkNKe1RGBX39SD%2BZ2h33bE5YFOscUWBPTuinmwtn1tBQK7dLk31%2B9KpM9cA%3D%3D","environmentVariables":{"FIREBASE_CONFIG":"{\"projectId\":\"lindow-9805a\",\"storageBucket\":\"lindow-9805a.appspot.com\"}","GCLOUD_PROJECT":"lindow-9805a","EVENTARC_CLOUD_EVENT_SOURCE":"projects/lindow-9805a/locations/us-central1/functions/sendContactEmail"},"runtime":"nodejs18","buildEnvironmentVariables":{"GOOGLE_NODE_RUN_SCRIPTS":""},"dockerRegistry":"ARTIFACT_REGISTRY"},"versionId":"1","updateTime":"2024-06-06T06:40:28Z","buildId":"2f941e88-fd84-4b71-9708-70558cf67d75","buildName":"projects/119518289749/locations/us-central1/builds/2f941e88-fd84-4b71-9708-70558cf67d75"}}
[debug] [2024-06-06T06:40:30.374Z] [create-default-us-central1-sendContactEmail] Retrying task index 0
[debug] [2024-06-06T06:40:30.374Z] >>> [apiv2][query] GET https://cloudfunctions.googleapis.com/v1/operations/bGluZG93LTk4MDVhL3VzLWNlbnRyYWwxL3NlbmRDb250YWN0RW1haWwvQ21xZFhwdVcwbXc [none]
[debug] [2024-06-06T06:40:30.615Z] <<< [apiv2][status] GET https://cloudfunctions.googleapis.com/v1/operations/bGluZG93LTk4MDVhL3VzLWNlbnRyYWwxL3NlbmRDb250YWN0RW1haWwvQ21xZFhwdVcwbXc 200
[debug] [2024-06-06T06:40:30.615Z] <<< [apiv2][body] GET https://cloudfunctions.googleapis.com/v1/operations/bGluZG93LTk4MDVhL3VzLWNlbnRyYWwxL3NlbmRDb250YWN0RW1haWwvQ21xZFhwdVcwbXc {"name":"operations/bGluZG93LTk4MDVhL3VzLWNlbnRyYWwxL3NlbmRDb250YWN0RW1haWwvQ21xZFhwdVcwbXc","metadata":{"@type":"type.googleapis.com/google.cloud.functions.v1.OperationMetadataV1","target":"projects/lindow-9805a/locations/us-central1/functions/sendContactEmail","type":"CREATE_FUNCTION","request":{"@type":"type.googleapis.com/google.cloud.functions.v1.CloudFunction","name":"projects/lindow-9805a/locations/us-central1/functions/sendContactEmail","httpsTrigger":{"securityLevel":"SECURE_ALWAYS"},"entryPoint":"sendContactEmail","labels":{"deployment-tool":"cli-firebase","firebase-functions-hash":"33e1c17b9747a964a2e21d1aa0956e062c18eaca"},"sourceUploadUrl":"https://storage.googleapis.com/uploads-601302853065.us-central1.cloudfunctions.appspot.com/c460d28c-fb04-4fb5-bffb-3bc621e84616.zip?GoogleAccessId=service-119518289749@gcf-admin-robot.iam.gserviceaccount.com&Expires=1717657827&Signature=jMLK89PnKVFMNpwXxAHBT6ZO9QBCjjBCDrvm7uIOFAXdcTLnmYRlnFm3xbBqSun8RigGgqaoSfRsZIJW6g2kc3EQliDQj5z3qMJambo1pl0QNW3Hz%2B%2BxHJBcdo%2BtzUoJ%2FNUhqvOoKUUL9yOOMk4XDrCpXLyFvlw2aXw0cnVSiHit1K5jhTh9JNiwEYQIOA96nXCY1sguf2IXluGVr9klltdcgLs0GCnh3bPT1vEScvUVG%2BbWdZhD0baklFW4e0KY60pwcVRxSWx6ekXri8D5EespukpNkNKe1RGBX39SD%2BZ2h33bE5YFOscUWBPTuinmwtn1tBQK7dLk31%2B9KpM9cA%3D%3D","environmentVariables":{"FIREBASE_CONFIG":"{\"projectId\":\"lindow-9805a\",\"storageBucket\":\"lindow-9805a.appspot.com\"}","GCLOUD_PROJECT":"lindow-9805a","EVENTARC_CLOUD_EVENT_SOURCE":"projects/lindow-9805a/locations/us-central1/functions/sendContactEmail"},"runtime":"nodejs18","buildEnvironmentVariables":{"GOOGLE_NODE_RUN_SCRIPTS":""},"dockerRegistry":"ARTIFACT_REGISTRY"},"versionId":"1","updateTime":"2024-06-06T06:40:28Z","buildId":"2f941e88-fd84-4b71-9708-70558cf67d75","buildName":"projects/119518289749/locations/us-central1/builds/2f941e88-fd84-4b71-9708-70558cf67d75"}}
[debug] [2024-06-06T06:40:32.616Z] [create-default-us-central1-sendContactEmail] Retrying task index 0
[debug] [2024-06-06T06:40:32.616Z] >>> [apiv2][query] GET https://cloudfunctions.googleapis.com/v1/operations/bGluZG93LTk4MDVhL3VzLWNlbnRyYWwxL3NlbmRDb250YWN0RW1haWwvQ21xZFhwdVcwbXc [none]
[debug] [2024-06-06T06:40:32.848Z] <<< [apiv2][status] GET https://cloudfunctions.googleapis.com/v1/operations/bGluZG93LTk4MDVhL3VzLWNlbnRyYWwxL3NlbmRDb250YWN0RW1haWwvQ21xZFhwdVcwbXc 200
[debug] [2024-06-06T06:40:32.848Z] <<< [apiv2][body] GET https://cloudfunctions.googleapis.com/v1/operations/bGluZG93LTk4MDVhL3VzLWNlbnRyYWwxL3NlbmRDb250YWN0RW1haWwvQ21xZFhwdVcwbXc {"name":"operations/bGluZG93LTk4MDVhL3VzLWNlbnRyYWwxL3NlbmRDb250YWN0RW1haWwvQ21xZFhwdVcwbXc","metadata":{"@type":"type.googleapis.com/google.cloud.functions.v1.OperationMetadataV1","target":"projects/lindow-9805a/locations/us-central1/functions/sendContactEmail","type":"CREATE_FUNCTION","request":{"@type":"type.googleapis.com/google.cloud.functions.v1.CloudFunction","name":"projects/lindow-9805a/locations/us-central1/functions/sendContactEmail","httpsTrigger":{"securityLevel":"SECURE_ALWAYS"},"entryPoint":"sendContactEmail","labels":{"deployment-tool":"cli-firebase","firebase-functions-hash":"33e1c17b9747a964a2e21d1aa0956e062c18eaca"},"sourceUploadUrl":"https://storage.googleapis.com/uploads-601302853065.us-central1.cloudfunctions.appspot.com/c460d28c-fb04-4fb5-bffb-3bc621e84616.zip?GoogleAccessId=service-119518289749@gcf-admin-robot.iam.gserviceaccount.com&Expires=1717657827&Signature=jMLK89PnKVFMNpwXxAHBT6ZO9QBCjjBCDrvm7uIOFAXdcTLnmYRlnFm3xbBqSun8RigGgqaoSfRsZIJW6g2kc3EQliDQj5z3qMJambo1pl0QNW3Hz%2B%2BxHJBcdo%2BtzUoJ%2FNUhqvOoKUUL9yOOMk4XDrCpXLyFvlw2aXw0cnVSiHit1K5jhTh9JNiwEYQIOA96nXCY1sguf2IXluGVr9klltdcgLs0GCnh3bPT1vEScvUVG%2BbWdZhD0baklFW4e0KY60pwcVRxSWx6ekXri8D5EespukpNkNKe1RGBX39SD%2BZ2h33bE5YFOscUWBPTuinmwtn1tBQK7dLk31%2B9KpM9cA%3D%3D","environmentVariables":{"FIREBASE_CONFIG":"{\"projectId\":\"lindow-9805a\",\"storageBucket\":\"lindow-9805a.appspot.com\"}","GCLOUD_PROJECT":"lindow-9805a","EVENTARC_CLOUD_EVENT_SOURCE":"projects/lindow-9805a/locations/us-central1/functions/sendContactEmail"},"runtime":"nodejs18","buildEnvironmentVariables":{"GOOGLE_NODE_RUN_SCRIPTS":""},"dockerRegistry":"ARTIFACT_REGISTRY"},"versionId":"1","updateTime":"2024-06-06T06:40:28Z","buildId":"2f941e88-fd84-4b71-9708-70558cf67d75","buildName":"projects/119518289749/locations/us-central1/builds/2f941e88-fd84-4b71-9708-70558cf67d75"}}
[debug] [2024-06-06T06:40:36.848Z] [create-default-us-central1-sendContactEmail] Retrying task index 0
[debug] [2024-06-06T06:40:36.849Z] >>> [apiv2][query] GET https://cloudfunctions.googleapis.com/v1/operations/bGluZG93LTk4MDVhL3VzLWNlbnRyYWwxL3NlbmRDb250YWN0RW1haWwvQ21xZFhwdVcwbXc [none]
[debug] [2024-06-06T06:40:37.069Z] <<< [apiv2][status] GET https://cloudfunctions.googleapis.com/v1/operations/bGluZG93LTk4MDVhL3VzLWNlbnRyYWwxL3NlbmRDb250YWN0RW1haWwvQ21xZFhwdVcwbXc 200
[debug] [2024-06-06T06:40:37.069Z] <<< [apiv2][body] GET https://cloudfunctions.googleapis.com/v1/operations/bGluZG93LTk4MDVhL3VzLWNlbnRyYWwxL3NlbmRDb250YWN0RW1haWwvQ21xZFhwdVcwbXc {"name":"operations/bGluZG93LTk4MDVhL3VzLWNlbnRyYWwxL3NlbmRDb250YWN0RW1haWwvQ21xZFhwdVcwbXc","metadata":{"@type":"type.googleapis.com/google.cloud.functions.v1.OperationMetadataV1","target":"projects/lindow-9805a/locations/us-central1/functions/sendContactEmail","type":"CREATE_FUNCTION","request":{"@type":"type.googleapis.com/google.cloud.functions.v1.CloudFunction","name":"projects/lindow-9805a/locations/us-central1/functions/sendContactEmail","httpsTrigger":{"securityLevel":"SECURE_ALWAYS"},"entryPoint":"sendContactEmail","labels":{"deployment-tool":"cli-firebase","firebase-functions-hash":"33e1c17b9747a964a2e21d1aa0956e062c18eaca"},"sourceUploadUrl":"https://storage.googleapis.com/uploads-601302853065.us-central1.cloudfunctions.appspot.com/c460d28c-fb04-4fb5-bffb-3bc621e84616.zip?GoogleAccessId=service-119518289749@gcf-admin-robot.iam.gserviceaccount.com&Expires=1717657827&Signature=jMLK89PnKVFMNpwXxAHBT6ZO9QBCjjBCDrvm7uIOFAXdcTLnmYRlnFm3xbBqSun8RigGgqaoSfRsZIJW6g2kc3EQliDQj5z3qMJambo1pl0QNW3Hz%2B%2BxHJBcdo%2BtzUoJ%2FNUhqvOoKUUL9yOOMk4XDrCpXLyFvlw2aXw0cnVSiHit1K5jhTh9JNiwEYQIOA96nXCY1sguf2IXluGVr9klltdcgLs0GCnh3bPT1vEScvUVG%2BbWdZhD0baklFW4e0KY60pwcVRxSWx6ekXri8D5EespukpNkNKe1RGBX39SD%2BZ2h33bE5YFOscUWBPTuinmwtn1tBQK7dLk31%2B9KpM9cA%3D%3D","environmentVariables":{"FIREBASE_CONFIG":"{\"projectId\":\"lindow-9805a\",\"storageBucket\":\"lindow-9805a.appspot.com\"}","GCLOUD_PROJECT":"lindow-9805a","EVENTARC_CLOUD_EVENT_SOURCE":"projects/lindow-9805a/locations/us-central1/functions/sendContactEmail"},"runtime":"nodejs18","buildEnvironmentVariables":{"GOOGLE_NODE_RUN_SCRIPTS":""},"dockerRegistry":"ARTIFACT_REGISTRY"},"versionId":"1","updateTime":"2024-06-06T06:40:28Z","buildId":"2f941e88-fd84-4b71-9708-70558cf67d75","buildName":"projects/119518289749/locations/us-central1/builds/2f941e88-fd84-4b71-9708-70558cf67d75"}}
[debug] [2024-06-06T06:40:45.070Z] [create-default-us-central1-sendContactEmail] Retrying task index 0
[debug] [2024-06-06T06:40:45.070Z] >>> [apiv2][query] GET https://cloudfunctions.googleapis.com/v1/operations/bGluZG93LTk4MDVhL3VzLWNlbnRyYWwxL3NlbmRDb250YWN0RW1haWwvQ21xZFhwdVcwbXc [none]
[debug] [2024-06-06T06:40:45.299Z] <<< [apiv2][status] GET https://cloudfunctions.googleapis.com/v1/operations/bGluZG93LTk4MDVhL3VzLWNlbnRyYWwxL3NlbmRDb250YWN0RW1haWwvQ21xZFhwdVcwbXc 200
[debug] [2024-06-06T06:40:45.299Z] <<< [apiv2][body] GET https://cloudfunctions.googleapis.com/v1/operations/bGluZG93LTk4MDVhL3VzLWNlbnRyYWwxL3NlbmRDb250YWN0RW1haWwvQ21xZFhwdVcwbXc {"name":"operations/bGluZG93LTk4MDVhL3VzLWNlbnRyYWwxL3NlbmRDb250YWN0RW1haWwvQ21xZFhwdVcwbXc","metadata":{"@type":"type.googleapis.com/google.cloud.functions.v1.OperationMetadataV1","target":"projects/lindow-9805a/locations/us-central1/functions/sendContactEmail","type":"CREATE_FUNCTION","request":{"@type":"type.googleapis.com/google.cloud.functions.v1.CloudFunction","name":"projects/lindow-9805a/locations/us-central1/functions/sendContactEmail","httpsTrigger":{"securityLevel":"SECURE_ALWAYS"},"entryPoint":"sendContactEmail","labels":{"deployment-tool":"cli-firebase","firebase-functions-hash":"33e1c17b9747a964a2e21d1aa0956e062c18eaca"},"sourceUploadUrl":"https://storage.googleapis.com/uploads-601302853065.us-central1.cloudfunctions.appspot.com/c460d28c-fb04-4fb5-bffb-3bc621e84616.zip?GoogleAccessId=service-119518289749@gcf-admin-robot.iam.gserviceaccount.com&Expires=1717657827&Signature=jMLK89PnKVFMNpwXxAHBT6ZO9QBCjjBCDrvm7uIOFAXdcTLnmYRlnFm3xbBqSun8RigGgqaoSfRsZIJW6g2kc3EQliDQj5z3qMJambo1pl0QNW3Hz%2B%2BxHJBcdo%2BtzUoJ%2FNUhqvOoKUUL9yOOMk4XDrCpXLyFvlw2aXw0cnVSiHit1K5jhTh9JNiwEYQIOA96nXCY1sguf2IXluGVr9klltdcgLs0GCnh3bPT1vEScvUVG%2BbWdZhD0baklFW4e0KY60pwcVRxSWx6ekXri8D5EespukpNkNKe1RGBX39SD%2BZ2h33bE5YFOscUWBPTuinmwtn1tBQK7dLk31%2B9KpM9cA%3D%3D","environmentVariables":{"FIREBASE_CONFIG":"{\"projectId\":\"lindow-9805a\",\"storageBucket\":\"lindow-9805a.appspot.com\"}","GCLOUD_PROJECT":"lindow-9805a","EVENTARC_CLOUD_EVENT_SOURCE":"projects/lindow-9805a/locations/us-central1/functions/sendContactEmail"},"runtime":"nodejs18","buildEnvironmentVariables":{"GOOGLE_NODE_RUN_SCRIPTS":""},"dockerRegistry":"ARTIFACT_REGISTRY"},"versionId":"1","updateTime":"2024-06-06T06:40:28Z","buildId":"2f941e88-fd84-4b71-9708-70558cf67d75","buildName":"projects/119518289749/locations/us-central1/builds/2f941e88-fd84-4b71-9708-70558cf67d75"}}
[debug] [2024-06-06T06:40:55.299Z] [create-default-us-central1-sendContactEmail] Retrying task index 0
[debug] [2024-06-06T06:40:55.300Z] >>> [apiv2][query] GET https://cloudfunctions.googleapis.com/v1/operations/bGluZG93LTk4MDVhL3VzLWNlbnRyYWwxL3NlbmRDb250YWN0RW1haWwvQ21xZFhwdVcwbXc [none]
[debug] [2024-06-06T06:40:55.521Z] <<< [apiv2][status] GET https://cloudfunctions.googleapis.com/v1/operations/bGluZG93LTk4MDVhL3VzLWNlbnRyYWwxL3NlbmRDb250YWN0RW1haWwvQ21xZFhwdVcwbXc 200
[debug] [2024-06-06T06:40:55.521Z] <<< [apiv2][body] GET https://cloudfunctions.googleapis.com/v1/operations/bGluZG93LTk4MDVhL3VzLWNlbnRyYWwxL3NlbmRDb250YWN0RW1haWwvQ21xZFhwdVcwbXc {"name":"operations/bGluZG93LTk4MDVhL3VzLWNlbnRyYWwxL3NlbmRDb250YWN0RW1haWwvQ21xZFhwdVcwbXc","metadata":{"@type":"type.googleapis.com/google.cloud.functions.v1.OperationMetadataV1","target":"projects/lindow-9805a/locations/us-central1/functions/sendContactEmail","type":"CREATE_FUNCTION","request":{"@type":"type.googleapis.com/google.cloud.functions.v1.CloudFunction","name":"projects/lindow-9805a/locations/us-central1/functions/sendContactEmail","httpsTrigger":{"securityLevel":"SECURE_ALWAYS"},"entryPoint":"sendContactEmail","labels":{"deployment-tool":"cli-firebase","firebase-functions-hash":"33e1c17b9747a964a2e21d1aa0956e062c18eaca"},"sourceUploadUrl":"https://storage.googleapis.com/uploads-601302853065.us-central1.cloudfunctions.appspot.com/c460d28c-fb04-4fb5-bffb-3bc621e84616.zip?GoogleAccessId=service-119518289749@gcf-admin-robot.iam.gserviceaccount.com&Expires=1717657827&Signature=jMLK89PnKVFMNpwXxAHBT6ZO9QBCjjBCDrvm7uIOFAXdcTLnmYRlnFm3xbBqSun8RigGgqaoSfRsZIJW6g2kc3EQliDQj5z3qMJambo1pl0QNW3Hz%2B%2BxHJBcdo%2BtzUoJ%2FNUhqvOoKUUL9yOOMk4XDrCpXLyFvlw2aXw0cnVSiHit1K5jhTh9JNiwEYQIOA96nXCY1sguf2IXluGVr9klltdcgLs0GCnh3bPT1vEScvUVG%2BbWdZhD0baklFW4e0KY60pwcVRxSWx6ekXri8D5EespukpNkNKe1RGBX39SD%2BZ2h33bE5YFOscUWBPTuinmwtn1tBQK7dLk31%2B9KpM9cA%3D%3D","environmentVariables":{"FIREBASE_CONFIG":"{\"projectId\":\"lindow-9805a\",\"storageBucket\":\"lindow-9805a.appspot.com\"}","GCLOUD_PROJECT":"lindow-9805a","EVENTARC_CLOUD_EVENT_SOURCE":"projects/lindow-9805a/locations/us-central1/functions/sendContactEmail"},"runtime":"nodejs18","buildEnvironmentVariables":{"GOOGLE_NODE_RUN_SCRIPTS":""},"dockerRegistry":"ARTIFACT_REGISTRY"},"versionId":"1","updateTime":"2024-06-06T06:40:28Z","buildId":"2f941e88-fd84-4b71-9708-70558cf67d75","buildName":"projects/119518289749/locations/us-central1/builds/2f941e88-fd84-4b71-9708-70558cf67d75"}}
[debug] [2024-06-06T06:41:05.521Z] [create-default-us-central1-sendContactEmail] Retrying task index 0
[debug] [2024-06-06T06:41:05.522Z] >>> [apiv2][query] GET https://cloudfunctions.googleapis.com/v1/operations/bGluZG93LTk4MDVhL3VzLWNlbnRyYWwxL3NlbmRDb250YWN0RW1haWwvQ21xZFhwdVcwbXc [none]
[debug] [2024-06-06T06:41:05.759Z] <<< [apiv2][status] GET https://cloudfunctions.googleapis.com/v1/operations/bGluZG93LTk4MDVhL3VzLWNlbnRyYWwxL3NlbmRDb250YWN0RW1haWwvQ21xZFhwdVcwbXc 200
[debug] [2024-06-06T06:41:05.759Z] <<< [apiv2][body] GET https://cloudfunctions.googleapis.com/v1/operations/bGluZG93LTk4MDVhL3VzLWNlbnRyYWwxL3NlbmRDb250YWN0RW1haWwvQ21xZFhwdVcwbXc {"name":"operations/bGluZG93LTk4MDVhL3VzLWNlbnRyYWwxL3NlbmRDb250YWN0RW1haWwvQ21xZFhwdVcwbXc","metadata":{"@type":"type.googleapis.com/google.cloud.functions.v1.OperationMetadataV1","target":"projects/lindow-9805a/locations/us-central1/functions/sendContactEmail","type":"CREATE_FUNCTION","request":{"@type":"type.googleapis.com/google.cloud.functions.v1.CloudFunction","name":"projects/lindow-9805a/locations/us-central1/functions/sendContactEmail","httpsTrigger":{"securityLevel":"SECURE_ALWAYS"},"entryPoint":"sendContactEmail","labels":{"deployment-tool":"cli-firebase","firebase-functions-hash":"33e1c17b9747a964a2e21d1aa0956e062c18eaca"},"sourceUploadUrl":"https://storage.googleapis.com/uploads-601302853065.us-central1.cloudfunctions.appspot.com/c460d28c-fb04-4fb5-bffb-3bc621e84616.zip?GoogleAccessId=service-119518289749@gcf-admin-robot.iam.gserviceaccount.com&Expires=1717657827&Signature=jMLK89PnKVFMNpwXxAHBT6ZO9QBCjjBCDrvm7uIOFAXdcTLnmYRlnFm3xbBqSun8RigGgqaoSfRsZIJW6g2kc3EQliDQj5z3qMJambo1pl0QNW3Hz%2B%2BxHJBcdo%2BtzUoJ%2FNUhqvOoKUUL9yOOMk4XDrCpXLyFvlw2aXw0cnVSiHit1K5jhTh9JNiwEYQIOA96nXCY1sguf2IXluGVr9klltdcgLs0GCnh3bPT1vEScvUVG%2BbWdZhD0baklFW4e0KY60pwcVRxSWx6ekXri8D5EespukpNkNKe1RGBX39SD%2BZ2h33bE5YFOscUWBPTuinmwtn1tBQK7dLk31%2B9KpM9cA%3D%3D","environmentVariables":{"FIREBASE_CONFIG":"{\"projectId\":\"lindow-9805a\",\"storageBucket\":\"lindow-9805a.appspot.com\"}","GCLOUD_PROJECT":"lindow-9805a","EVENTARC_CLOUD_EVENT_SOURCE":"projects/lindow-9805a/locations/us-central1/functions/sendContactEmail"},"runtime":"nodejs18","buildEnvironmentVariables":{"GOOGLE_NODE_RUN_SCRIPTS":""},"dockerRegistry":"ARTIFACT_REGISTRY"},"versionId":"1","updateTime":"2024-06-06T06:40:28Z","buildId":"2f941e88-fd84-4b71-9708-70558cf67d75","buildName":"projects/119518289749/locations/us-central1/builds/2f941e88-fd84-4b71-9708-70558cf67d75"}}
[debug] [2024-06-06T06:41:15.762Z] [create-default-us-central1-sendContactEmail] Retrying task index 0
[debug] [2024-06-06T06:41:15.762Z] >>> [apiv2][query] GET https://cloudfunctions.googleapis.com/v1/operations/bGluZG93LTk4MDVhL3VzLWNlbnRyYWwxL3NlbmRDb250YWN0RW1haWwvQ21xZFhwdVcwbXc [none]
[debug] [2024-06-06T06:41:15.992Z] <<< [apiv2][status] GET https://cloudfunctions.googleapis.com/v1/operations/bGluZG93LTk4MDVhL3VzLWNlbnRyYWwxL3NlbmRDb250YWN0RW1haWwvQ21xZFhwdVcwbXc 200
[debug] [2024-06-06T06:41:15.992Z] <<< [apiv2][body] GET https://cloudfunctions.googleapis.com/v1/operations/bGluZG93LTk4MDVhL3VzLWNlbnRyYWwxL3NlbmRDb250YWN0RW1haWwvQ21xZFhwdVcwbXc {"name":"operations/bGluZG93LTk4MDVhL3VzLWNlbnRyYWwxL3NlbmRDb250YWN0RW1haWwvQ21xZFhwdVcwbXc","metadata":{"@type":"type.googleapis.com/google.cloud.functions.v1.OperationMetadataV1","target":"projects/lindow-9805a/locations/us-central1/functions/sendContactEmail","type":"CREATE_FUNCTION","request":{"@type":"type.googleapis.com/google.cloud.functions.v1.CloudFunction","name":"projects/lindow-9805a/locations/us-central1/functions/sendContactEmail","httpsTrigger":{"securityLevel":"SECURE_ALWAYS"},"entryPoint":"sendContactEmail","labels":{"deployment-tool":"cli-firebase","firebase-functions-hash":"33e1c17b9747a964a2e21d1aa0956e062c18eaca"},"sourceUploadUrl":"https://storage.googleapis.com/uploads-601302853065.us-central1.cloudfunctions.appspot.com/c460d28c-fb04-4fb5-bffb-3bc621e84616.zip?GoogleAccessId=service-119518289749@gcf-admin-robot.iam.gserviceaccount.com&Expires=1717657827&Signature=jMLK89PnKVFMNpwXxAHBT6ZO9QBCjjBCDrvm7uIOFAXdcTLnmYRlnFm3xbBqSun8RigGgqaoSfRsZIJW6g2kc3EQliDQj5z3qMJambo1pl0QNW3Hz%2B%2BxHJBcdo%2BtzUoJ%2FNUhqvOoKUUL9yOOMk4XDrCpXLyFvlw2aXw0cnVSiHit1K5jhTh9JNiwEYQIOA96nXCY1sguf2IXluGVr9klltdcgLs0GCnh3bPT1vEScvUVG%2BbWdZhD0baklFW4e0KY60pwcVRxSWx6ekXri8D5EespukpNkNKe1RGBX39SD%2BZ2h33bE5YFOscUWBPTuinmwtn1tBQK7dLk31%2B9KpM9cA%3D%3D","environmentVariables":{"FIREBASE_CONFIG":"{\"projectId\":\"lindow-9805a\",\"storageBucket\":\"lindow-9805a.appspot.com\"}","GCLOUD_PROJECT":"lindow-9805a","EVENTARC_CLOUD_EVENT_SOURCE":"projects/lindow-9805a/locations/us-central1/functions/sendContactEmail"},"runtime":"nodejs18","buildEnvironmentVariables":{"GOOGLE_NODE_RUN_SCRIPTS":""},"dockerRegistry":"ARTIFACT_REGISTRY"},"versionId":"1","updateTime":"2024-06-06T06:41:07Z","buildId":"2f941e88-fd84-4b71-9708-70558cf67d75","buildName":"projects/119518289749/locations/us-central1/builds/2f941e88-fd84-4b71-9708-70558cf67d75"},"done":true,"error":{"code":3,"message":"Build failed: npm ERR! code EUSAGE\nnpm ERR! \nnpm ERR! `npm ci` can only install packages when your package.json and package-lock.json or npm-shrinkwrap.json are in sync. Please update your lock file with `npm install` before continuing.\nnpm ERR! \nnpm ERR! Missing: jest@29.7.0 from lock file\nnpm ERR! Missing: @jest/core@29.7.0 from lock file\nnpm ERR! Missing: @jest/types@29.6.3 from lock file\nnpm ERR! Missing: import-local@3.1.0 from lock file\nnpm ERR! Missing: jest-cli@29.7.0 from lock file\nnpm ERR! Missing: @jest/console@29.7.0 from lock file\nnpm ERR! Missing: @jest/reporters@29.7.0 from lock file\nnpm ERR! Missing: @jest/test-result@29.7.0 from lock file\nnpm ERR! Missing: @jest/transform@29.7.0 from lock file\nnpm ERR! Missing: ansi-escapes@4.3.2 from lock file\nnpm ERR! Missing: ci-info@3.9.0 from lock file\nnpm ERR! Missing: exit@0.1.2 from lock file\nnpm ERR! Missing: graceful-fs@4.2.11 from lock file\nnpm ERR! Missing: jest-changed-files@29.7.0 from lock file\nnpm ERR! Missing: jest-config@29.7.0 from lock file\nnpm ERR! Missing: jest-haste-map@29.7.0 from lock file\nnpm ERR! Missing: jest-message-util@29.7.0 from lock file\nnpm ERR! Missing: jest-regex-util@29.6.3 from lock file\nnpm ERR! Missing: jest-resolve@29.7.0 from lock file\nnpm ERR! Missing: jest-resolve-dependencies@29.7.0 from lock file\nnpm ERR! Missing: jest-runner@29.7.0 from lock file\nnpm ERR! Missing: jest-runtime@29.7.0 from lock file\nnpm ERR! Missing: jest-snapshot@29.7.0 from lock file\nnpm ERR! Missing: jest-util@29.7.0 from lock file\nnpm ERR! Missing: jest-validate@29.7.0 from lock file\nnpm ERR! Missing: jest-watcher@29.7.0 from lock file\nnpm ERR! Missing: micromatch@4.0.7 from lock file\nnpm ERR! Missing: pretty-format@29.7.0 from lock file\nnpm ERR! Missing: slash@3.0.0 from lock file\nnpm ERR! Missing: @bcoe/v8-coverage@0.2.3 from lock file\nnpm ERR! Missing: @jridgewell/trace-mapping@0.3.25 from lock file\nnpm ERR! Missing: collect-v8-coverage@1.0.2 from lock file\nnpm ERR! Missing: istanbul-lib-coverage@3.2.2 from lock file\nnpm ERR! Missing: istanbul-lib-instrument@6.0.2 from lock file\nnpm ERR! Missing: istanbul-lib-report@3.0.1 from lock file\nnpm ERR! Missing: istanbul-lib-source-maps@4.0.1 from lock file\nnpm ERR! Missing: istanbul-reports@3.1.7 from lock file\nnpm ERR! Missing: jest-worker@29.7.0 from lock file\nnpm ERR! Missing: string-length@4.0.2 from lock file\nnpm ERR! Missing: v8-to-istanbul@9.2.0 from lock file\nnpm ERR! Missing: @types/istanbul-lib-coverage@2.0.6 from lock file\nnpm ERR! Missing: @babel/core@7.24.7 from lock file\nnpm ERR! Missing: babel-plugin-istanbul@6.1.1 from lock file\nnpm ERR! Missing: convert-source-map@2.0.0 from lock file\nnpm ERR! Missing: pirates@4.0.6 from lock file\nnpm ERR! Missing: write-file-atomic@4.0.2 from lock file\nnpm ERR! Missing: @ampproject/remapping@2.3.0 from lock file\nnpm ERR! Missing: @babel/code-frame@7.24.7 from lock file\nnpm ERR! Missing: @babel/generator@7.24.7 from lock file\nnpm ERR! Missing: @babel/helper-compilation-targets@7.24.7 from lock file\nnpm ERR! Missing: @babel/helper-module-transforms@7.24.7 from lock file\nnpm ERR! Missing: @babel/helpers@7.24.7 from lock file\nnpm ERR! Missing: @babel/parser@7.24.7 from lock file\nnpm ERR! Missing: @babel/template@7.24.7 from lock file\nnpm ERR! Missing: @babel/traverse@7.24.7 from lock file\nnpm ERR! Missing: @babel/types@7.24.7 from lock file\nnpm ERR! Missing: gensync@1.0.0-beta.2 from lock file\nnpm ERR! Missing: json5@2.2.3 from lock file\nnpm ERR! Missing: semver@6.3.1 from lock file\nnpm ERR! Missing: @jridgewell/gen-mapping@0.3.5 from lock file\nnpm ERR! Missing: @babel/highlight@7.24.7 from lock file\nnpm ERR! Missing: picocolors@1.0.1 from lock file\nnpm ERR! Missing: jsesc@2.5.2 from lock file\nnpm ERR! Missing: @babel/compat-data@7.24.7 from lock file\nnpm ERR! Missing: @babel/helper-validator-option@7.24.7 from lock file\nnpm ERR! Missing: browserslist@4.23.0 from lock file\nnpm ERR! Missing: lru-cache@5.1.1 from lock file\nnpm ERR! Missing: semver@6.3.1 from lock file\nnpm ERR! Missing: @babel/helper-environment-visitor@7.24.7 from lock file\nnpm ERR! Missing: @babel/helper-module-imports@7.24.7 from lock file\nnpm ERR! Missing: @babel/helper-simple-access@7.24.7 from lock file\nnpm ERR! Missing: @babel/helper-split-export-declaration@7.24.7 from lock file\nnpm ERR! Missing: @babel/helper-validator-identifier@7.24.7 from lock file\nnpm ERR! Missing: chalk@2.4.2 from lock file\nnpm ERR! Missing: js-tokens@4.0.0 from lock file\nnpm ERR! Missing: @babel/helper-function-name@7.24.7 from lock file\nnpm ERR! Missing: @babel/helper-hoist-variables@7.24.7 from lock file\nnpm ERR! Missing: globals@11.12.0 from lock file\nnpm ERR! Missing: @babel/helper-string-parser@7.24.7 from lock file\nnpm ERR! Missing: to-fast-properties@2.0.0 from lock file\nnpm ERR! Missing: @jest/schemas@29.6.3 from lock file\nnpm ERR! Missing: @types/istanbul-reports@3.0.4 from lock file\nnpm ERR! Missing: @types/yargs@17.0.32 from lock file\nnpm ERR! Missing: @sinclair/typebox@0.27.8 from lock file\nnpm ERR! Missing: @jridgewell/set-array@1.2.1 from lock file\nnpm ERR! Missing: @jridgewell/sourcemap-codec@1.4.15 from lock file\nnpm ERR! Missing: @jridgewell/resolve-uri@3.1.2 from lock file\nnpm ERR! Missing: @types/istanbul-lib-report@3.0.3 from lock file\nnpm ERR! Missing: @types/yargs-parser@21.0.3 from lock file\nnpm ERR! Missing: type-fest@0.21.3 from lock file\nnpm ERR! Missing: @babel/helper-plugin-utils@7.24.7 from lock file\nnpm ERR! Missing: @istanbuljs/load-nyc-config@1.1.0 from lock file\nnpm ERR! Missing: @istanbuljs/schema@0.1.3 from lock file\nnpm ERR! Missing: istanbul-lib-instrument@5.2.1 from lock file\nnpm ERR! Missing: test-exclude@6.0.0 from lock file\nnpm ERR! Missing: camelcase@5.3.1 from lock file\nnpm ERR! Missing: find-up@4.1.0 from lock file\nnpm ERR! Missing: get-package-type@0.1.0 from lock file\nnpm ERR! Missing: js-yaml@3.14.1 from lock file\nnpm ERR! Missing: resolve-from@5.0.0 from lock file\nnpm ERR! Missing: caniuse-lite@1.0.30001628 from lock file\nnpm ERR! Missing: electron-to-chromium@1.4.791 from lock file\nnpm ERR! Missing: node-releases@2.0.14 from lock file\nnpm ERR! Missing: update-browserslist-db@1.0.16 from lock file\nnpm ERR! Missing: pkg-dir@4.2.0 from lock file\nnpm ERR! Missing: resolve-cwd@3.0.0 from lock file\nnpm ERR! Missing: make-dir@4.0.0 from lock file\nnpm ERR! Missing: source-map@0.6.1 from lock file\nnpm ERR! Missing: html-escaper@2.0.2 from lock file\nnpm ERR! Missing: execa@5.1.1 from lock file\nnpm ERR! Missing: get-stream@6.0.1 from lock file\nnpm ERR! Missing: human-signals@2.1.0 from lock file\nnpm ERR! Missing: merge-stream@2.0.0 from lock file\nnpm ERR! Missing: npm-run-path@4.0.1 from lock file\nnpm ERR! Missing: onetime@5.1.2 from lock file\nnpm ERR! Missing: signal-exit@3.0.7 from lock file\nnpm ERR! Missing: strip-final-newline@2.0.0 from lock file\nnpm ERR! Missing: create-jest@29.7.0 from lock file\nnpm ERR! Missing: prompts@2.4.2 from lock file\nnpm ERR! Missing: @jest/test-sequencer@29.7.0 from lock file\nnpm ERR! Missing: babel-jest@29.7.0 from lock file\nnpm ERR! Missing: deepmerge@4.3.1 from lock file\nnpm ERR! Missing: jest-circus@29.7.0 from lock file\nnpm ERR! Missing: jest-environment-node@29.7.0 from lock file\nnpm ERR! Missing: jest-get-type@29.6.3 from lock file\nnpm ERR! Missing: parse-json@5.2.0 from lock file\nnpm ERR! Missing: @types/babel__core@7.20.5 from lock file\nnpm ERR! Missing: babel-preset-jest@29.6.3 from lock file\nnpm ERR! Missing: @types/babel__generator@7.6.8 from lock file\nnpm ERR! Missing: @types/babel__template@7.4.4 from lock file\nnpm ERR! Missing: @types/babel__traverse@7.20.6 from lock file\nnpm ERR! Missing: babel-plugin-jest-hoist@29.6.3 from lock file\nnpm ERR! Missing: babel-preset-current-node-syntax@1.0.1 from lock file\nnpm ERR! Missing: @babel/plugin-syntax-async-generators@7.8.4 from lock file\nnpm ERR! Missing: @babel/plugin-syntax-bigint@7.8.3 from lock file\nnpm ERR! Missing: @babel/plugin-syntax-class-properties@7.12.13 from lock file\nnpm ERR! Missing: @babel/plugin-syntax-import-meta@7.10.4 from lock file\nnpm ERR! Missing: @babel/plugin-syntax-json-strings@7.8.3 from lock file\nnpm ERR! Missing: @babel/plugin-syntax-logical-assignment-operators@7.10.4 from lock file\nnpm ERR! Missing: @babel/plugin-syntax-nullish-coalescing-operator@7.8.3 from lock file\nnpm ERR! Missing: @babel/plugin-syntax-numeric-separator@7.10.4 from lock file\nnpm ERR! Missing: @babel/plugin-syntax-object-rest-spread@7.8.3 from lock file\nnpm ERR! Missing: @babel/plugin-syntax-optional-catch-binding@7.8.3 from lock file\nnpm ERR! Missing: @babel/plugin-syntax-optional-chaining@7.8.3 from lock file\nnpm ERR! Missing: @babel/plugin-syntax-top-level-await@7.14.5 from lock file\nnpm ERR! Missing: @jest/environment@29.7.0 from lock file\nnpm ERR! Missing: @jest/expect@29.7.0 from lock file\nnpm ERR! Missing: co@4.6.0 from lock file\nnpm ERR! Missing: dedent@1.5.3 from lock file\nnpm ERR! Missing: is-generator-fn@2.1.0 from lock file\nnpm ERR! Missing: jest-each@29.7.0 from lock file\nnpm ERR! Missing: jest-matcher-utils@29.7.0 from lock file\nnpm ERR! Missing: pure-rand@6.1.0 from lock file\nnpm ERR! Missing: stack-utils@2.0.6 from lock file\nnpm ERR! Missing: @jest/fake-timers@29.7.0 from lock file\nnpm ERR! Missing: jest-mock@29.7.0 from lock file\nnpm ERR! Missing: expect@29.7.0 from lock file\nnpm ERR! Missing: @sinonjs/fake-timers@10.3.0 from lock file\nnpm ERR! Missing: @sinonjs/commons@3.0.1 from lock file\nnpm ERR! Missing: type-detect@4.0.8 from lock file\nnpm ERR! Missing: @jest/expect-utils@29.7.0 from lock file\nnpm ERR! Missing: @types/graceful-fs@4.1.9 from lock file\nnpm ERR! Missing: anymatch@3.1.3 from lock file\nnpm ERR! Missing: fb-watchman@2.0.2 from lock file\nnpm ERR! Missing: fsevents@2.3.3 from lock file\nnpm ERR! Missing: walker@1.0.8 from lock file\nnpm ERR! Missing: normalize-path@3.0.0 from lock file\nnpm ERR! Missing: picomatch@2.3.1 from lock file\nnpm ERR! Missing: bser@2.1.1 from lock file\nnpm ERR! Missing: node-int64@0.4.0 from lock file\nnpm ERR! Missing: jest-diff@29.7.0 from lock file\nnpm ERR! Missing: diff-sequences@29.6.3 from lock file\nnpm ERR! Missing: @types/stack-utils@2.0.3 from lock file\nnpm ERR! Missing: jest-pnp-resolver@1.2.3 from lock file\nnpm ERR! Missing: resolve@1.22.8 from lock file\nnpm ERR! Missing: resolve.exports@2.0.2 from lock file\nnpm ERR! Missing: emittery@0.13.1 from lock file\nnpm ERR! Missing: jest-docblock@29.7.0 from lock file\nnpm ERR! Missing: jest-leak-detector@29.7.0 from lock file\nnpm ERR! Missing: source-map-support@0.5.13 from lock file\nnpm ERR! Missing: detect-newline@3.1.0 from lock file\nnpm ERR! Missing: @jest/globals@29.7.0 from lock file\nnpm ERR! Missing: @jest/source-map@29.6.3 from lock file\nnpm ERR! Missing: cjs-module-lexer@1.3.1 from lock file\nnpm ERR! Missing: strip-bom@4.0.0 from lock file\nnpm ERR! Missing: @babel/plugin-syntax-jsx@7.24.7 from lock file\nnpm ERR! Missing: @babel/plugin-syntax-typescript@7.24.7 from lock file\nnpm ERR! Missing: camelcase@6.3.0 from lock file\nnpm ERR! Missing: leven@3.1.0 from lock file\nnpm ERR! Missing: supports-color@8.1.1 from lock file\nnpm ERR! Missing: braces@3.0.3 from lock file\nnpm ERR! Missing: fill-range@7.1.1 from lock file\nnpm ERR! Missing: to-regex-range@5.0.1 from lock file\nnpm ERR! Missing: mimic-fn@2.1.0 from lock file\nnpm ERR! Missing: error-ex@1.3.2 from lock file\nnpm ERR! Missing: json-parse-even-better-errors@2.3.1 from lock file\nnpm ERR! Missing: lines-and-columns@1.2.4 from lock file\nnpm ERR! Missing: is-arrayish@0.2.1 from lock file\nnpm ERR! Missing: find-up@4.1.0 from lock file\nnpm ERR! Missing: ansi-styles@5.2.0 from lock file\nnpm ERR! Missing: react-is@18.3.1 from lock file\nnpm ERR! Missing: kleur@3.0.3 from lock file\nnpm ERR! Missing: sisteransi@1.0.5 from lock file\nnpm ERR! Missing: is-core-module@2.13.1 from lock file\nnpm ERR! Missing: path-parse@1.0.7 from lock file\nnpm ERR! Missing: supports-preserve-symlinks-flag@1.0.0 from lock file\nnpm ERR! Missing: resolve-from@5.0.0 from lock file\nnpm ERR! Missing: buffer-from@1.1.2 from lock file\nnpm ERR! Missing: escape-string-regexp@2.0.0 from lock file\nnpm ERR! Missing: char-regex@1.0.2 from lock file\nnpm ERR! Missing: is-number@7.0.0 from lock file\nnpm ERR! Missing: makeerror@1.0.12 from lock file\nnpm ERR! Missing: tmpl@1.0.5 from lock file\nnpm ERR! Missing: yallist@3.1.1 from lock file\nnpm ERR! Missing: ansi-styles@3.2.1 from lock file\nnpm ERR! Missing: escape-string-regexp@1.0.5 from lock file\nnpm ERR! Missing: supports-color@5.5.0 from lock file\nnpm ERR! Missing: color-convert@1.9.3 from lock file\nnpm ERR! Missing: color-name@1.1.3 from lock file\nnpm ERR! Missing: has-flag@3.0.0 from lock file\nnpm ERR! Missing: locate-path@5.0.0 from lock file\nnpm ERR! Missing: argparse@1.0.10 from lock file\nnpm ERR! Missing: esprima@4.0.1 from lock file\nnpm ERR! Missing: sprintf-js@1.0.3 from lock file\nnpm ERR! Missing: p-locate@4.1.0 from lock file\nnpm ERR! Missing: p-limit@2.3.0 from lock file\nnpm ERR! Missing: p-try@2.2.0 from lock file\nnpm ERR! Missing: semver@6.3.1 from lock file\nnpm ERR! Missing: locate-path@5.0.0 from lock file\nnpm ERR! Missing: p-locate@4.1.0 from lock file\nnpm ERR! Missing: p-limit@2.3.0 from lock file\nnpm ERR! \nnpm ERR! Clean install a project\nnpm ERR! \nnpm ERR! Usage:\nnpm ERR! npm ci\nnpm ERR! \nnpm ERR! Options:\nnpm ERR! [--install-strategy <hoisted|nested|shallow|linked>] [--legacy-bundling]\nnpm ERR! [--global-style] [--omit <dev|optional|peer> [--omit <dev|optional|peer> ...]]\nnpm ERR! [--include <prod|dev|optional|peer> [--include <prod|dev|optional|peer> ...]]\nnpm ERR! [--strict-peer-deps] [--foreground-scripts] [--ignore-scripts] [--no-audit]\nnpm ERR! [--no-bin-links] [--no-fund] [--dry-run]\nnpm ERR! [-w|--workspace <workspace-name> [-w|--workspace <workspace-name> ...]]\nnpm ERR! [-ws|--workspaces] [--include-workspace-root] [--install-links]\nnpm ERR! \nnpm ERR! aliases: clean-install, ic, install-clean, isntall-clean\nnpm ERR! \nnpm ERR! Run \"npm help ci\" for more info\n\nnpm ERR! A complete log of this run can be found in: /www-data-home/.npm/_logs/2024-06-06T06_40_46_774Z-debug-0.log; Error ID: beaf8772"}}
[debug] [2024-06-06T06:41:15.992Z] Got source token undefined for region us-central1
[error] Build failed: npm ERR! code EUSAGE
npm ERR! 
npm ERR! `npm ci` can only install packages when your package.json and package-lock.json or npm-shrinkwrap.json are in sync. Please update your lock file with `npm install` before continuing.
npm ERR! 
npm ERR! Missing: jest@29.7.0 from lock file
npm ERR! Missing: @jest/core@29.7.0 from lock file
npm ERR! Missing: @jest/types@29.6.3 from lock file
npm ERR! Missing: import-local@3.1.0 from lock file
npm ERR! Missing: jest-cli@29.7.0 from lock file
npm ERR! Missing: @jest/console@29.7.0 from lock file
npm ERR! Missing: @jest/reporters@29.7.0 from lock file
npm ERR! Missing: @jest/test-result@29.7.0 from lock file
npm ERR! Missing: @jest/transform@29.7.0 from lock file
npm ERR! Missing: ansi-escapes@4.3.2 from lock file
npm ERR! Missing: ci-info@3.9.0 from lock file
npm ERR! Missing: exit@0.1.2 from lock file
npm ERR! Missing: graceful-fs@4.2.11 from lock file
npm ERR! Missing: jest-changed-files@29.7.0 from lock file
npm ERR! Missing: jest-config@29.7.0 from lock file
npm ERR! Missing: jest-haste-map@29.7.0 from lock file
npm ERR! Missing: jest-message-util@29.7.0 from lock file
npm ERR! Missing: jest-regex-util@29.6.3 from lock file
npm ERR! Missing: jest-resolve@29.7.0 from lock file
npm ERR! Missing: jest-resolve-dependencies@29.7.0 from lock file
npm ERR! Missing: jest-runner@29.7.0 from lock file
npm ERR! Missing: jest-runtime@29.7.0 from lock file
npm ERR! Missing: jest-snapshot@29.7.0 from lock file
npm ERR! Missing: jest-util@29.7.0 from lock file
npm ERR! Missing: jest-validate@29.7.0 from lock file
npm ERR! Missing: jest-watcher@29.7.0 from lock file
npm ERR! Missing: micromatch@4.0.7 from lock file
npm ERR! Missing: pretty-format@29.7.0 from lock file
npm ERR! Missing: slash@3.0.0 from lock file
npm ERR! Missing: @bcoe/v8-coverage@0.2.3 from lock file
npm ERR! Missing: @jridgewell/trace-mapping@0.3.25 from lock file
npm ERR! Missing: collect-v8-coverage@1.0.2 from lock file
npm ERR! Missing: istanbul-lib-coverage@3.2.2 from lock file
npm ERR! Missing: istanbul-lib-instrument@6.0.2 from lock file
npm ERR! Missing: istanbul-lib-report@3.0.1 from lock file
npm ERR! Missing: istanbul-lib-source-maps@4.0.1 from lock file
npm ERR! Missing: istanbul-reports@3.1.7 from lock file
npm ERR! Missing: jest-worker@29.7.0 from lock file
npm ERR! Missing: string-length@4.0.2 from lock file
npm ERR! Missing: v8-to-istanbul@9.2.0 from lock file
npm ERR! Missing: @types/istanbul-lib-coverage@2.0.6 from lock file
npm ERR! Missing: @babel/core@7.24.7 from lock file
npm ERR! Missing: babel-plugin-istanbul@6.1.1 from lock file
npm ERR! Missing: convert-source-map@2.0.0 from lock file
npm ERR! Missing: pirates@4.0.6 from lock file
npm ERR! Missing: write-file-atomic@4.0.2 from lock file
npm ERR! Missing: @ampproject/remapping@2.3.0 from lock file
npm ERR! Missing: @babel/code-frame@7.24.7 from lock file
npm ERR! Missing: @babel/generator@7.24.7 from lock file
npm ERR! Missing: @babel/helper-compilation-targets@7.24.7 from lock file
npm ERR! Missing: @babel/helper-module-transforms@7.24.7 from lock file
npm ERR! Missing: @babel/helpers@7.24.7 from lock file
npm ERR! Missing: @babel/parser@7.24.7 from lock file
npm ERR! Missing: @babel/template@7.24.7 from lock file
npm ERR! Missing: @babel/traverse@7.24.7 from lock file
npm ERR! Missing: @babel/types@7.24.7 from lock file
npm ERR! Missing: gensync@1.0.0-beta.2 from lock file
npm ERR! Missing: json5@2.2.3 from lock file
npm ERR! Missing: semver@6.3.1 from lock file
npm ERR! Missing: @jridgewell/gen-mapping@0.3.5 from lock file
npm ERR! Missing: @babel/highlight@7.24.7 from lock file
npm ERR! Missing: picocolors@1.0.1 from lock file
npm ERR! Missing: jsesc@2.5.2 from lock file
npm ERR! Missing: @babel/compat-data@7.24.7 from lock file
npm ERR! Missing: @babel/helper-validator-option@7.24.7 from lock file
npm ERR! Missing: browserslist@4.23.0 from lock file
npm ERR! Missing: lru-cache@5.1.1 from lock file
npm ERR! Missing: semver@6.3.1 from lock file
npm ERR! Missing: @babel/helper-environment-visitor@7.24.7 from lock file
npm ERR! Missing: @babel/helper-module-imports@7.24.7 from lock file
npm ERR! Missing: @babel/helper-simple-access@7.24.7 from lock file
npm ERR! Missing: @babel/helper-split-export-declaration@7.24.7 from lock file
npm ERR! Missing: @babel/helper-validator-identifier@7.24.7 from lock file
npm ERR! Missing: chalk@2.4.2 from lock file
npm ERR! Missing: js-tokens@4.0.0 from lock file
npm ERR! Missing: @babel/helper-function-name@7.24.7 from lock file
npm ERR! Missing: @babel/helper-hoist-variables@7.24.7 from lock file
npm ERR! Missing: globals@11.12.0 from lock file
npm ERR! Missing: @babel/helper-string-parser@7.24.7 from lock file
npm ERR! Missing: to-fast-properties@2.0.0 from lock file
npm ERR! Missing: @jest/schemas@29.6.3 from lock file
npm ERR! Missing: @types/istanbul-reports@3.0.4 from lock file
npm ERR! Missing: @types/yargs@17.0.32 from lock file
npm ERR! Missing: @sinclair/typebox@0.27.8 from lock file
npm ERR! Missing: @jridgewell/set-array@1.2.1 from lock file
npm ERR! Missing: @jridgewell/sourcemap-codec@1.4.15 from lock file
npm ERR! Missing: @jridgewell/resolve-uri@3.1.2 from lock file
npm ERR! Missing: @types/istanbul-lib-report@3.0.3 from lock file
npm ERR! Missing: @types/yargs-parser@21.0.3 from lock file
npm ERR! Missing: type-fest@0.21.3 from lock file
npm ERR! Missing: @babel/helper-plugin-utils@7.24.7 from lock file
npm ERR! Missing: @istanbuljs/load-nyc-config@1.1.0 from lock file
npm ERR! Missing: @istanbuljs/schema@0.1.3 from lock file
npm ERR! Missing: istanbul-lib-instrument@5.2.1 from lock file
npm ERR! Missing: test-exclude@6.0.0 from lock file
npm ERR! Missing: camelcase@5.3.1 from lock file
npm ERR! Missing: find-up@4.1.0 from lock file
npm ERR! Missing: get-package-type@0.1.0 from lock file
npm ERR! Missing: js-yaml@3.14.1 from lock file
npm ERR! Missing: resolve-from@5.0.0 from lock file
npm ERR! Missing: caniuse-lite@1.0.30001628 from lock file
npm ERR! Missing: electron-to-chromium@1.4.791 from lock file
npm ERR! Missing: node-releases@2.0.14 from lock file
npm ERR! Missing: update-browserslist-db@1.0.16 from lock file
npm ERR! Missing: pkg-dir@4.2.0 from lock file
npm ERR! Missing: resolve-cwd@3.0.0 from lock file
npm ERR! Missing: make-dir@4.0.0 from lock file
npm ERR! Missing: source-map@0.6.1 from lock file
npm ERR! Missing: html-escaper@2.0.2 from lock file
npm ERR! Missing: execa@5.1.1 from lock file
npm ERR! Missing: get-stream@6.0.1 from lock file
npm ERR! Missing: human-signals@2.1.0 from lock file
npm ERR! Missing: merge-stream@2.0.0 from lock file
npm ERR! Missing: npm-run-path@4.0.1 from lock file
npm ERR! Missing: onetime@5.1.2 from lock file
npm ERR! Missing: signal-exit@3.0.7 from lock file
npm ERR! Missing: strip-final-newline@2.0.0 from lock file
npm ERR! Missing: create-jest@29.7.0 from lock file
npm ERR! Missing: prompts@2.4.2 from lock file
npm ERR! Missing: @jest/test-sequencer@29.7.0 from lock file
npm ERR! Missing: babel-jest@29.7.0 from lock file
npm ERR! Missing: deepmerge@4.3.1 from lock file
npm ERR! Missing: jest-circus@29.7.0 from lock file
npm ERR! Missing: jest-environment-node@29.7.0 from lock file
npm ERR! Missing: jest-get-type@29.6.3 from lock file
npm ERR! Missing: parse-json@5.2.0 from lock file
npm ERR! Missing: @types/babel__core@7.20.5 from lock file
npm ERR! Missing: babel-preset-jest@29.6.3 from lock file
npm ERR! Missing: @types/babel__generator@7.6.8 from lock file
npm ERR! Missing: @types/babel__template@7.4.4 from lock file
npm ERR! Missing: @types/babel__traverse@7.20.6 from lock file
npm ERR! Missing: babel-plugin-jest-hoist@29.6.3 from lock file
npm ERR! Missing: babel-preset-current-node-syntax@1.0.1 from lock file
npm ERR! Missing: @babel/plugin-syntax-async-generators@7.8.4 from lock file
npm ERR! Missing: @babel/plugin-syntax-bigint@7.8.3 from lock file
npm ERR! Missing: @babel/plugin-syntax-class-properties@7.12.13 from lock file
npm ERR! Missing: @babel/plugin-syntax-import-meta@7.10.4 from lock file
npm ERR! Missing: @babel/plugin-syntax-json-strings@7.8.3 from lock file
npm ERR! Missing: @babel/plugin-syntax-logical-assignment-operators@7.10.4 from lock file
npm ERR! Missing: @babel/plugin-syntax-nullish-coalescing-operator@7.8.3 from lock file
npm ERR! Missing: @babel/plugin-syntax-numeric-separator@7.10.4 from lock file
npm ERR! Missing: @babel/plugin-syntax-object-rest-spread@7.8.3 from lock file
npm ERR! Missing: @babel/plugin-syntax-optional-catch-binding@7.8.3 from lock file
npm ERR! Missing: @babel/plugin-syntax-optional-chaining@7.8.3 from lock file
npm ERR! Missing: @babel/plugin-syntax-top-level-await@7.14.5 from lock file
npm ERR! Missing: @jest/environment@29.7.0 from lock file
npm ERR! Missing: @jest/expect@29.7.0 from lock file
npm ERR! Missing: co@4.6.0 from lock file
npm ERR! Missing: dedent@1.5.3 from lock file
npm ERR! Missing: is-generator-fn@2.1.0 from lock file
npm ERR! Missing: jest-each@29.7.0 from lock file
npm ERR! Missing: jest-matcher-utils@29.7.0 from lock file
npm ERR! Missing: pure-rand@6.1.0 from lock file
npm ERR! Missing: stack-utils@2.0.6 from lock file
npm ERR! Missing: @jest/fake-timers@29.7.0 from lock file
npm ERR! Missing: jest-mock@29.7.0 from lock file
npm ERR! Missing: expect@29.7.0 from lock file
npm ERR! Missing: @sinonjs/fake-timers@10.3.0 from lock file
npm ERR! Missing: @sinonjs/commons@3.0.1 from lock file
npm ERR! Missing: type-detect@4.0.8 from lock file
npm ERR! Missing: @jest/expect-utils@29.7.0 from lock file
npm ERR! Missing: @types/graceful-fs@4.1.9 from lock file
npm ERR! Missing: anymatch@3.1.3 from lock file
npm ERR! Missing: fb-watchman@2.0.2 from lock file
npm ERR! Missing: fsevents@2.3.3 from lock file
npm ERR! Missing: walker@1.0.8 from lock file
npm ERR! Missing: normalize-path@3.0.0 from lock file
npm ERR! Missing: picomatch@2.3.1 from lock file
npm ERR! Missing: bser@2.1.1 from lock file
npm ERR! Missing: node-int64@0.4.0 from lock file
npm ERR! Missing: jest-diff@29.7.0 from lock file
npm ERR! Missing: diff-sequences@29.6.3 from lock file
npm ERR! Missing: @types/stack-utils@2.0.3 from lock file
npm ERR! Missing: jest-pnp-resolver@1.2.3 from lock file
npm ERR! Missing: resolve@1.22.8 from lock file
npm ERR! Missing: resolve.exports@2.0.2 from lock file
npm ERR! Missing: emittery@0.13.1 from lock file
npm ERR! Missing: jest-docblock@29.7.0 from lock file
npm ERR! Missing: jest-leak-detector@29.7.0 from lock file
npm ERR! Missing: source-map-support@0.5.13 from lock file
npm ERR! Missing: detect-newline@3.1.0 from lock file
npm ERR! Missing: @jest/globals@29.7.0 from lock file
npm ERR! Missing: @jest/source-map@29.6.3 from lock file
npm ERR! Missing: cjs-module-lexer@1.3.1 from lock file
npm ERR! Missing: strip-bom@4.0.0 from lock file
npm ERR! Missing: @babel/plugin-syntax-jsx@7.24.7 from lock file
npm ERR! Missing: @babel/plugin-syntax-typescript@7.24.7 from lock file
npm ERR! Missing: camelcase@6.3.0 from lock file
npm ERR! Missing: leven@3.1.0 from lock file
npm ERR! Missing: supports-color@8.1.1 from lock file
npm ERR! Missing: braces@3.0.3 from lock file
npm ERR! Missing: fill-range@7.1.1 from lock file
npm ERR! Missing: to-regex-range@5.0.1 from lock file
npm ERR! Missing: mimic-fn@2.1.0 from lock file
npm ERR! Missing: error-ex@1.3.2 from lock file
npm ERR! Missing: json-parse-even-better-errors@2.3.1 from lock file
npm ERR! Missing: lines-and-columns@1.2.4 from lock file
npm ERR! Missing: is-arrayish@0.2.1 from lock file
npm ERR! Missing: find-up@4.1.0 from lock file
npm ERR! Missing: ansi-styles@5.2.0 from lock file
npm ERR! Missing: react-is@18.3.1 from lock file
npm ERR! Missing: kleur@3.0.3 from lock file
npm ERR! Missing: sisteransi@1.0.5 from lock file
npm ERR! Missing: is-core-module@2.13.1 from lock file
npm ERR! Missing: path-parse@1.0.7 from lock file
npm ERR! Missing: supports-preserve-symlinks-flag@1.0.0 from lock file
npm ERR! Missing: resolve-from@5.0.0 from lock file
npm ERR! Missing: buffer-from@1.1.2 from lock file
npm ERR! Missing: escape-string-regexp@2.0.0 from lock file
npm ERR! Missing: char-regex@1.0.2 from lock file
npm ERR! Missing: is-number@7.0.0 from lock file
npm ERR! Missing: makeerror@1.0.12 from lock file
npm ERR! Missing: tmpl@1.0.5 from lock file
npm ERR! Missing: yallist@3.1.1 from lock file
npm ERR! Missing: ansi-styles@3.2.1 from lock file
npm ERR! Missing: escape-string-regexp@1.0.5 from lock file
npm ERR! Missing: supports-color@5.5.0 from lock file
npm ERR! Missing: color-convert@1.9.3 from lock file
npm ERR! Missing: color-name@1.1.3 from lock file
npm ERR! Missing: has-flag@3.0.0 from lock file
npm ERR! Missing: locate-path@5.0.0 from lock file
npm ERR! Missing: argparse@1.0.10 from lock file
npm ERR! Missing: esprima@4.0.1 from lock file
npm ERR! Missing: sprintf-js@1.0.3 from lock file
npm ERR! Missing: p-locate@4.1.0 from lock file
npm ERR! Missing: p-limit@2.3.0 from lock file
npm ERR! Missing: p-try@2.2.0 from lock file
npm ERR! Missing: semver@6.3.1 from lock file
npm ERR! Missing: locate-path@5.0.0 from lock file
npm ERR! Missing: p-locate@4.1.0 from lock file
npm ERR! Missing: p-limit@2.3.0 from lock file
npm ERR! 
npm ERR! Clean install a project
npm ERR! 
npm ERR! Usage:
npm ERR! npm ci
npm ERR! 
npm ERR! Options:
npm ERR! [--install-strategy <hoisted|nested|shallow|linked>] [--legacy-bundling]
npm ERR! [--global-style] [--omit <dev|optional|peer> [--omit <dev|optional|peer> ...]]
npm ERR! [--include <prod|dev|optional|peer> [--include <prod|dev|optional|peer> ...]]
npm ERR! [--strict-peer-deps] [--foreground-scripts] [--ignore-scripts] [--no-audit]
npm ERR! [--no-bin-links] [--no-fund] [--dry-run]
npm ERR! [-w|--workspace <workspace-name> [-w|--workspace <workspace-name> ...]]
npm ERR! [-ws|--workspaces] [--include-workspace-root] [--install-links]
npm ERR! 
npm ERR! aliases: clean-install, ic, install-clean, isntall-clean
npm ERR! 
npm ERR! Run "npm help ci" for more info

npm ERR! A complete log of this run can be found in: /www-data-home/.npm/_logs/2024-06-06T06_40_46_774Z-debug-0.log; Error ID: beaf8772
[debug] [2024-06-06T06:41:16.031Z] Total Function Deployment time: 48204
[debug] [2024-06-06T06:41:16.031Z] 1 Functions Deployed
[debug] [2024-06-06T06:41:16.031Z] 1 Functions Errored
[debug] [2024-06-06T06:41:16.031Z] 0 Function Deployments Aborted
[debug] [2024-06-06T06:41:16.031Z] Average Function Deployment time: 48203
[info] 
[info] Functions deploy had errors with the following functions:
	sendContactEmail(us-central1)
[debug] [2024-06-06T06:41:16.104Z] Not printing URL for HTTPS function. Typically this means it didn't match a filter or we failed deployment
[info] i  functions: cleaning up build files... 
[debug] [2024-06-06T06:41:16.105Z] >>> [apiv2][query] DELETE https://artifactregistry.googleapis.com/v1beta2/projects/lindow-9805a/locations/us-central1/repositories/gcf-artifacts/packages/send_contact_email [none]
[debug] [2024-06-06T06:41:16.106Z] >>> [apiv2][query] GET https://us.gcr.io/v2/lindow-9805a/gcf/us-central1/tags/list [none]
[debug] [2024-06-06T06:41:16.494Z] <<< [apiv2][status] GET https://us.gcr.io/v2/lindow-9805a/gcf/us-central1/tags/list 404
[debug] [2024-06-06T06:41:16.494Z] <<< [apiv2][body] GET https://us.gcr.io/v2/lindow-9805a/gcf/us-central1/tags/list {"errors":[{"code":"NAME_UNKNOWN","message":"Repository \"us.gcr.io\" not found"}]}
[debug] [2024-06-06T06:41:16.494Z] Failed docker command with error  HTTP Error: 404, Not Found {"name":"FirebaseError","children":[],"context":{"body":{"errors":[{"code":"NAME_UNKNOWN","message":"Repository \"us.gcr.io\" not found"}],"error":{"message":"Not Found"}},"response":{"statusCode":404}},"exit":1,"message":"HTTP Error: 404, Not Found","status":404}
[debug] [2024-06-06T06:41:16.496Z] >>> [apiv2][query] GET https://us.gcr.io/v2/lindow-9805a/gcf/us-central1/tags/list [none]
[debug] [2024-06-06T06:41:16.758Z] <<< [apiv2][status] GET https://us.gcr.io/v2/lindow-9805a/gcf/us-central1/tags/list 404
[debug] [2024-06-06T06:41:16.758Z] <<< [apiv2][body] GET https://us.gcr.io/v2/lindow-9805a/gcf/us-central1/tags/list {"errors":[{"code":"NAME_UNKNOWN","message":"Repository \"us.gcr.io\" not found"}]}
[debug] [2024-06-06T06:41:16.758Z] Failed docker command with error  HTTP Error: 404, Not Found {"name":"FirebaseError","children":[],"context":{"body":{"errors":[{"code":"NAME_UNKNOWN","message":"Repository \"us.gcr.io\" not found"}],"error":{"message":"Not Found"}},"response":{"statusCode":404}},"exit":1,"message":"HTTP Error: 404, Not Found","status":404}
[debug] [2024-06-06T06:41:16.858Z] >>> [apiv2][query] GET https://us.gcr.io/v2/lindow-9805a/gcf/us-central1/tags/list [none]
[debug] [2024-06-06T06:41:16.860Z] <<< [apiv2][status] DELETE https://artifactregistry.googleapis.com/v1beta2/projects/lindow-9805a/locations/us-central1/repositories/gcf-artifacts/packages/send_contact_email 404
[debug] [2024-06-06T06:41:16.860Z] <<< [apiv2][body] DELETE https://artifactregistry.googleapis.com/v1beta2/projects/lindow-9805a/locations/us-central1/repositories/gcf-artifacts/packages/send_contact_email {"error":{"code":404,"message":"Package \"projects/lindow-9805a/locations/us-central1/repositories/gcf-artifacts/packages/send_contact_email\" was not found.","status":"NOT_FOUND"}}
[debug] [2024-06-06T06:41:17.130Z] <<< [apiv2][status] GET https://us.gcr.io/v2/lindow-9805a/gcf/us-central1/tags/list 404
[debug] [2024-06-06T06:41:17.131Z] <<< [apiv2][body] GET https://us.gcr.io/v2/lindow-9805a/gcf/us-central1/tags/list {"errors":[{"code":"NAME_UNKNOWN","message":"Repository \"us.gcr.io\" not found"}]}
[debug] [2024-06-06T06:41:17.131Z] Failed docker command with error  HTTP Error: 404, Not Found {"name":"FirebaseError","children":[],"context":{"body":{"errors":[{"code":"NAME_UNKNOWN","message":"Repository \"us.gcr.io\" not found"}],"error":{"message":"Not Found"}},"response":{"statusCode":404}},"exit":1,"message":"HTTP Error: 404, Not Found","status":404}
[warn] !  functions: Unhandled error cleaning up build images. This could result in a small monthly bill if not corrected. You can attempt to delete these images by redeploying or you can delete them manually at https://console.cloud.google.com/gcr/images/lindow-9805a/us/gcf 
[debug] [2024-06-06T06:41:17.132Z] Functions deploy failed.
[debug] [2024-06-06T06:41:17.132Z] {
  "endpoint": {
    "id": "sendContactEmail",
    "project": "lindow-9805a",
    "region": "us-central1",
    "entryPoint": "sendContactEmail",
    "platform": "gcfv1",
    "runtime": "nodejs18",
    "httpsTrigger": {},
    "ingressSettings": null,
    "availableMemoryMb": null,
    "serviceAccount": null,
    "timeoutSeconds": null,
    "maxInstances": null,
    "minInstances": null,
    "vpc": null,
    "environmentVariables": {
      "FIREBASE_CONFIG": "{\"projectId\":\"lindow-9805a\",\"storageBucket\":\"lindow-9805a.appspot.com\"}",
      "GCLOUD_PROJECT": "lindow-9805a",
      "EVENTARC_CLOUD_EVENT_SOURCE": "projects/lindow-9805a/locations/us-central1/functions/sendContactEmail"
    },
    "codebase": "default",
    "targetedByOnly": false,
    "hash": "33e1c17b9747a964a2e21d1aa0956e062c18eaca",
    "labels": {
      "deployment-tool": "cli-firebase"
    }
  },
  "op": "create",
  "original": {
    "name": "FirebaseError",
    "children": [],
    "exit": 1,
    "message": "Build failed: npm ERR! code EUSAGE\nnpm ERR! \nnpm ERR! `npm ci` can only install packages when your package.json and package-lock.json or npm-shrinkwrap.json are in sync. Please update your lock file with `npm install` before continuing.\nnpm ERR! \nnpm ERR! Missing: jest@29.7.0 from lock file\nnpm ERR! Missing: @jest/core@29.7.0 from lock file\nnpm ERR! Missing: @jest/types@29.6.3 from lock file\nnpm ERR! Missing: import-local@3.1.0 from lock file\nnpm ERR! Missing: jest-cli@29.7.0 from lock file\nnpm ERR! Missing: @jest/console@29.7.0 from lock file\nnpm ERR! Missing: @jest/reporters@29.7.0 from lock file\nnpm ERR! Missing: @jest/test-result@29.7.0 from lock file\nnpm ERR! Missing: @jest/transform@29.7.0 from lock file\nnpm ERR! Missing: ansi-escapes@4.3.2 from lock file\nnpm ERR! Missing: ci-info@3.9.0 from lock file\nnpm ERR! Missing: exit@0.1.2 from lock file\nnpm ERR! Missing: graceful-fs@4.2.11 from lock file\nnpm ERR! Missing: jest-changed-files@29.7.0 from lock file\nnpm ERR! Missing: jest-config@29.7.0 from lock file\nnpm ERR! Missing: jest-haste-map@29.7.0 from lock file\nnpm ERR! Missing: jest-message-util@29.7.0 from lock file\nnpm ERR! Missing: jest-regex-util@29.6.3 from lock file\nnpm ERR! Missing: jest-resolve@29.7.0 from lock file\nnpm ERR! Missing: jest-resolve-dependencies@29.7.0 from lock file\nnpm ERR! Missing: jest-runner@29.7.0 from lock file\nnpm ERR! Missing: jest-runtime@29.7.0 from lock file\nnpm ERR! Missing: jest-snapshot@29.7.0 from lock file\nnpm ERR! Missing: jest-util@29.7.0 from lock file\nnpm ERR! Missing: jest-validate@29.7.0 from lock file\nnpm ERR! Missing: jest-watcher@29.7.0 from lock file\nnpm ERR! Missing: micromatch@4.0.7 from lock file\nnpm ERR! Missing: pretty-format@29.7.0 from lock file\nnpm ERR! Missing: slash@3.0.0 from lock file\nnpm ERR! Missing: @bcoe/v8-coverage@0.2.3 from lock file\nnpm ERR! Missing: @jridgewell/trace-mapping@0.3.25 from lock file\nnpm ERR! Missing: collect-v8-coverage@1.0.2 from lock file\nnpm ERR! Missing: istanbul-lib-coverage@3.2.2 from lock file\nnpm ERR! Missing: istanbul-lib-instrument@6.0.2 from lock file\nnpm ERR! Missing: istanbul-lib-report@3.0.1 from lock file\nnpm ERR! Missing: istanbul-lib-source-maps@4.0.1 from lock file\nnpm ERR! Missing: istanbul-reports@3.1.7 from lock file\nnpm ERR! Missing: jest-worker@29.7.0 from lock file\nnpm ERR! Missing: string-length@4.0.2 from lock file\nnpm ERR! Missing: v8-to-istanbul@9.2.0 from lock file\nnpm ERR! Missing: @types/istanbul-lib-coverage@2.0.6 from lock file\nnpm ERR! Missing: @babel/core@7.24.7 from lock file\nnpm ERR! Missing: babel-plugin-istanbul@6.1.1 from lock file\nnpm ERR! Missing: convert-source-map@2.0.0 from lock file\nnpm ERR! Missing: pirates@4.0.6 from lock file\nnpm ERR! Missing: write-file-atomic@4.0.2 from lock file\nnpm ERR! Missing: @ampproject/remapping@2.3.0 from lock file\nnpm ERR! Missing: @babel/code-frame@7.24.7 from lock file\nnpm ERR! Missing: @babel/generator@7.24.7 from lock file\nnpm ERR! Missing: @babel/helper-compilation-targets@7.24.7 from lock file\nnpm ERR! Missing: @babel/helper-module-transforms@7.24.7 from lock file\nnpm ERR! Missing: @babel/helpers@7.24.7 from lock file\nnpm ERR! Missing: @babel/parser@7.24.7 from lock file\nnpm ERR! Missing: @babel/template@7.24.7 from lock file\nnpm ERR! Missing: @babel/traverse@7.24.7 from lock file\nnpm ERR! Missing: @babel/types@7.24.7 from lock file\nnpm ERR! Missing: gensync@1.0.0-beta.2 from lock file\nnpm ERR! Missing: json5@2.2.3 from lock file\nnpm ERR! Missing: semver@6.3.1 from lock file\nnpm ERR! Missing: @jridgewell/gen-mapping@0.3.5 from lock file\nnpm ERR! Missing: @babel/highlight@7.24.7 from lock file\nnpm ERR! Missing: picocolors@1.0.1 from lock file\nnpm ERR! Missing: jsesc@2.5.2 from lock file\nnpm ERR! Missing: @babel/compat-data@7.24.7 from lock file\nnpm ERR! Missing: @babel/helper-validator-option@7.24.7 from lock file\nnpm ERR! Missing: browserslist@4.23.0 from lock file\nnpm ERR! Missing: lru-cache@5.1.1 from lock file\nnpm ERR! Missing: semver@6.3.1 from lock file\nnpm ERR! Missing: @babel/helper-environment-visitor@7.24.7 from lock file\nnpm ERR! Missing: @babel/helper-module-imports@7.24.7 from lock file\nnpm ERR! Missing: @babel/helper-simple-access@7.24.7 from lock file\nnpm ERR! Missing: @babel/helper-split-export-declaration@7.24.7 from lock file\nnpm ERR! Missing: @babel/helper-validator-identifier@7.24.7 from lock file\nnpm ERR! Missing: chalk@2.4.2 from lock file\nnpm ERR! Missing: js-tokens@4.0.0 from lock file\nnpm ERR! Missing: @babel/helper-function-name@7.24.7 from lock file\nnpm ERR! Missing: @babel/helper-hoist-variables@7.24.7 from lock file\nnpm ERR! Missing: globals@11.12.0 from lock file\nnpm ERR! Missing: @babel/helper-string-parser@7.24.7 from lock file\nnpm ERR! Missing: to-fast-properties@2.0.0 from lock file\nnpm ERR! Missing: @jest/schemas@29.6.3 from lock file\nnpm ERR! Missing: @types/istanbul-reports@3.0.4 from lock file\nnpm ERR! Missing: @types/yargs@17.0.32 from lock file\nnpm ERR! Missing: @sinclair/typebox@0.27.8 from lock file\nnpm ERR! Missing: @jridgewell/set-array@1.2.1 from lock file\nnpm ERR! Missing: @jridgewell/sourcemap-codec@1.4.15 from lock file\nnpm ERR! Missing: @jridgewell/resolve-uri@3.1.2 from lock file\nnpm ERR! Missing: @types/istanbul-lib-report@3.0.3 from lock file\nnpm ERR! Missing: @types/yargs-parser@21.0.3 from lock file\nnpm ERR! Missing: type-fest@0.21.3 from lock file\nnpm ERR! Missing: @babel/helper-plugin-utils@7.24.7 from lock file\nnpm ERR! Missing: @istanbuljs/load-nyc-config@1.1.0 from lock file\nnpm ERR! Missing: @istanbuljs/schema@0.1.3 from lock file\nnpm ERR! Missing: istanbul-lib-instrument@5.2.1 from lock file\nnpm ERR! Missing: test-exclude@6.0.0 from lock file\nnpm ERR! Missing: camelcase@5.3.1 from lock file\nnpm ERR! Missing: find-up@4.1.0 from lock file\nnpm ERR! Missing: get-package-type@0.1.0 from lock file\nnpm ERR! Missing: js-yaml@3.14.1 from lock file\nnpm ERR! Missing: resolve-from@5.0.0 from lock file\nnpm ERR! Missing: caniuse-lite@1.0.30001628 from lock file\nnpm ERR! Missing: electron-to-chromium@1.4.791 from lock file\nnpm ERR! Missing: node-releases@2.0.14 from lock file\nnpm ERR! Missing: update-browserslist-db@1.0.16 from lock file\nnpm ERR! Missing: pkg-dir@4.2.0 from lock file\nnpm ERR! Missing: resolve-cwd@3.0.0 from lock file\nnpm ERR! Missing: make-dir@4.0.0 from lock file\nnpm ERR! Missing: source-map@0.6.1 from lock file\nnpm ERR! Missing: html-escaper@2.0.2 from lock file\nnpm ERR! Missing: execa@5.1.1 from lock file\nnpm ERR! Missing: get-stream@6.0.1 from lock file\nnpm ERR! Missing: human-signals@2.1.0 from lock file\nnpm ERR! Missing: merge-stream@2.0.0 from lock file\nnpm ERR! Missing: npm-run-path@4.0.1 from lock file\nnpm ERR! Missing: onetime@5.1.2 from lock file\nnpm ERR! Missing: signal-exit@3.0.7 from lock file\nnpm ERR! Missing: strip-final-newline@2.0.0 from lock file\nnpm ERR! Missing: create-jest@29.7.0 from lock file\nnpm ERR! Missing: prompts@2.4.2 from lock file\nnpm ERR! Missing: @jest/test-sequencer@29.7.0 from lock file\nnpm ERR! Missing: babel-jest@29.7.0 from lock file\nnpm ERR! Missing: deepmerge@4.3.1 from lock file\nnpm ERR! Missing: jest-circus@29.7.0 from lock file\nnpm ERR! Missing: jest-environment-node@29.7.0 from lock file\nnpm ERR! Missing: jest-get-type@29.6.3 from lock file\nnpm ERR! Missing: parse-json@5.2.0 from lock file\nnpm ERR! Missing: @types/babel__core@7.20.5 from lock file\nnpm ERR! Missing: babel-preset-jest@29.6.3 from lock file\nnpm ERR! Missing: @types/babel__generator@7.6.8 from lock file\nnpm ERR! Missing: @types/babel__template@7.4.4 from lock file\nnpm ERR! Missing: @types/babel__traverse@7.20.6 from lock file\nnpm ERR! Missing: babel-plugin-jest-hoist@29.6.3 from lock file\nnpm ERR! Missing: babel-preset-current-node-syntax@1.0.1 from lock file\nnpm ERR! Missing: @babel/plugin-syntax-async-generators@7.8.4 from lock file\nnpm ERR! Missing: @babel/plugin-syntax-bigint@7.8.3 from lock file\nnpm ERR! Missing: @babel/plugin-syntax-class-properties@7.12.13 from lock file\nnpm ERR! Missing: @babel/plugin-syntax-import-meta@7.10.4 from lock file\nnpm ERR! Missing: @babel/plugin-syntax-json-strings@7.8.3 from lock file\nnpm ERR! Missing: @babel/plugin-syntax-logical-assignment-operators@7.10.4 from lock file\nnpm ERR! Missing: @babel/plugin-syntax-nullish-coalescing-operator@7.8.3 from lock file\nnpm ERR! Missing: @babel/plugin-syntax-numeric-separator@7.10.4 from lock file\nnpm ERR! Missing: @babel/plugin-syntax-object-rest-spread@7.8.3 from lock file\nnpm ERR! Missing: @babel/plugin-syntax-optional-catch-binding@7.8.3 from lock file\nnpm ERR! Missing: @babel/plugin-syntax-optional-chaining@7.8.3 from lock file\nnpm ERR! Missing: @babel/plugin-syntax-top-level-await@7.14.5 from lock file\nnpm ERR! Missing: @jest/environment@29.7.0 from lock file\nnpm ERR! Missing: @jest/expect@29.7.0 from lock file\nnpm ERR! Missing: co@4.6.0 from lock file\nnpm ERR! Missing: dedent@1.5.3 from lock file\nnpm ERR! Missing: is-generator-fn@2.1.0 from lock file\nnpm ERR! Missing: jest-each@29.7.0 from lock file\nnpm ERR! Missing: jest-matcher-utils@29.7.0 from lock file\nnpm ERR! Missing: pure-rand@6.1.0 from lock file\nnpm ERR! Missing: stack-utils@2.0.6 from lock file\nnpm ERR! Missing: @jest/fake-timers@29.7.0 from lock file\nnpm ERR! Missing: jest-mock@29.7.0 from lock file\nnpm ERR! Missing: expect@29.7.0 from lock file\nnpm ERR! Missing: @sinonjs/fake-timers@10.3.0 from lock file\nnpm ERR! Missing: @sinonjs/commons@3.0.1 from lock file\nnpm ERR! Missing: type-detect@4.0.8 from lock file\nnpm ERR! Missing: @jest/expect-utils@29.7.0 from lock file\nnpm ERR! Missing: @types/graceful-fs@4.1.9 from lock file\nnpm ERR! Missing: anymatch@3.1.3 from lock file\nnpm ERR! Missing: fb-watchman@2.0.2 from lock file\nnpm ERR! Missing: fsevents@2.3.3 from lock file\nnpm ERR! Missing: walker@1.0.8 from lock file\nnpm ERR! Missing: normalize-path@3.0.0 from lock file\nnpm ERR! Missing: picomatch@2.3.1 from lock file\nnpm ERR! Missing: bser@2.1.1 from lock file\nnpm ERR! Missing: node-int64@0.4.0 from lock file\nnpm ERR! Missing: jest-diff@29.7.0 from lock file\nnpm ERR! Missing: diff-sequences@29.6.3 from lock file\nnpm ERR! Missing: @types/stack-utils@2.0.3 from lock file\nnpm ERR! Missing: jest-pnp-resolver@1.2.3 from lock file\nnpm ERR! Missing: resolve@1.22.8 from lock file\nnpm ERR! Missing: resolve.exports@2.0.2 from lock file\nnpm ERR! Missing: emittery@0.13.1 from lock file\nnpm ERR! Missing: jest-docblock@29.7.0 from lock file\nnpm ERR! Missing: jest-leak-detector@29.7.0 from lock file\nnpm ERR! Missing: source-map-support@0.5.13 from lock file\nnpm ERR! Missing: detect-newline@3.1.0 from lock file\nnpm ERR! Missing: @jest/globals@29.7.0 from lock file\nnpm ERR! Missing: @jest/source-map@29.6.3 from lock file\nnpm ERR! Missing: cjs-module-lexer@1.3.1 from lock file\nnpm ERR! Missing: strip-bom@4.0.0 from lock file\nnpm ERR! Missing: @babel/plugin-syntax-jsx@7.24.7 from lock file\nnpm ERR! Missing: @babel/plugin-syntax-typescript@7.24.7 from lock file\nnpm ERR! Missing: camelcase@6.3.0 from lock file\nnpm ERR! Missing: leven@3.1.0 from lock file\nnpm ERR! Missing: supports-color@8.1.1 from lock file\nnpm ERR! Missing: braces@3.0.3 from lock file\nnpm ERR! Missing: fill-range@7.1.1 from lock file\nnpm ERR! Missing: to-regex-range@5.0.1 from lock file\nnpm ERR! Missing: mimic-fn@2.1.0 from lock file\nnpm ERR! Missing: error-ex@1.3.2 from lock file\nnpm ERR! Missing: json-parse-even-better-errors@2.3.1 from lock file\nnpm ERR! Missing: lines-and-columns@1.2.4 from lock file\nnpm ERR! Missing: is-arrayish@0.2.1 from lock file\nnpm ERR! Missing: find-up@4.1.0 from lock file\nnpm ERR! Missing: ansi-styles@5.2.0 from lock file\nnpm ERR! Missing: react-is@18.3.1 from lock file\nnpm ERR! Missing: kleur@3.0.3 from lock file\nnpm ERR! Missing: sisteransi@1.0.5 from lock file\nnpm ERR! Missing: is-core-module@2.13.1 from lock file\nnpm ERR! Missing: path-parse@1.0.7 from lock file\nnpm ERR! Missing: supports-preserve-symlinks-flag@1.0.0 from lock file\nnpm ERR! Missing: resolve-from@5.0.0 from lock file\nnpm ERR! Missing: buffer-from@1.1.2 from lock file\nnpm ERR! Missing: escape-string-regexp@2.0.0 from lock file\nnpm ERR! Missing: char-regex@1.0.2 from lock file\nnpm ERR! Missing: is-number@7.0.0 from lock file\nnpm ERR! Missing: makeerror@1.0.12 from lock file\nnpm ERR! Missing: tmpl@1.0.5 from lock file\nnpm ERR! Missing: yallist@3.1.1 from lock file\nnpm ERR! Missing: ansi-styles@3.2.1 from lock file\nnpm ERR! Missing: escape-string-regexp@1.0.5 from lock file\nnpm ERR! Missing: supports-color@5.5.0 from lock file\nnpm ERR! Missing: color-convert@1.9.3 from lock file\nnpm ERR! Missing: color-name@1.1.3 from lock file\nnpm ERR! Missing: has-flag@3.0.0 from lock file\nnpm ERR! Missing: locate-path@5.0.0 from lock file\nnpm ERR! Missing: argparse@1.0.10 from lock file\nnpm ERR! Missing: esprima@4.0.1 from lock file\nnpm ERR! Missing: sprintf-js@1.0.3 from lock file\nnpm ERR! Missing: p-locate@4.1.0 from lock file\nnpm ERR! Missing: p-limit@2.3.0 from lock file\nnpm ERR! Missing: p-try@2.2.0 from lock file\nnpm ERR! Missing: semver@6.3.1 from lock file\nnpm ERR! Missing: locate-path@5.0.0 from lock file\nnpm ERR! Missing: p-locate@4.1.0 from lock file\nnpm ERR! Missing: p-limit@2.3.0 from lock file\nnpm ERR! \nnpm ERR! Clean install a project\nnpm ERR! \nnpm ERR! Usage:\nnpm ERR! npm ci\nnpm ERR! \nnpm ERR! Options:\nnpm ERR! [--install-strategy <hoisted|nested|shallow|linked>] [--legacy-bundling]\nnpm ERR! [--global-style] [--omit <dev|optional|peer> [--omit <dev|optional|peer> ...]]\nnpm ERR! [--include <prod|dev|optional|peer> [--include <prod|dev|optional|peer> ...]]\nnpm ERR! [--strict-peer-deps] [--foreground-scripts] [--ignore-scripts] [--no-audit]\nnpm ERR! [--no-bin-links] [--no-fund] [--dry-run]\nnpm ERR! [-w|--workspace <workspace-name> [-w|--workspace <workspace-name> ...]]\nnpm ERR! [-ws|--workspaces] [--include-workspace-root] [--install-links]\nnpm ERR! \nnpm ERR! aliases: clean-install, ic, install-clean, isntall-clean\nnpm ERR! \nnpm ERR! Run \"npm help ci\" for more info\n\nnpm ERR! A complete log of this run can be found in: /www-data-home/.npm/_logs/2024-06-06T06_40_46_774Z-debug-0.log; Error ID: beaf8772",
    "original": {
      "code": 3,
      "message": "Build failed: npm ERR! code EUSAGE\nnpm ERR! \nnpm ERR! `npm ci` can only install packages when your package.json and package-lock.json or npm-shrinkwrap.json are in sync. Please update your lock file with `npm install` before continuing.\nnpm ERR! \nnpm ERR! Missing: jest@29.7.0 from lock file\nnpm ERR! Missing: @jest/core@29.7.0 from lock file\nnpm ERR! Missing: @jest/types@29.6.3 from lock file\nnpm ERR! Missing: import-local@3.1.0 from lock file\nnpm ERR! Missing: jest-cli@29.7.0 from lock file\nnpm ERR! Missing: @jest/console@29.7.0 from lock file\nnpm ERR! Missing: @jest/reporters@29.7.0 from lock file\nnpm ERR! Missing: @jest/test-result@29.7.0 from lock file\nnpm ERR! Missing: @jest/transform@29.7.0 from lock file\nnpm ERR! Missing: ansi-escapes@4.3.2 from lock file\nnpm ERR! Missing: ci-info@3.9.0 from lock file\nnpm ERR! Missing: exit@0.1.2 from lock file\nnpm ERR! Missing: graceful-fs@4.2.11 from lock file\nnpm ERR! Missing: jest-changed-files@29.7.0 from lock file\nnpm ERR! Missing: jest-config@29.7.0 from lock file\nnpm ERR! Missing: jest-haste-map@29.7.0 from lock file\nnpm ERR! Missing: jest-message-util@29.7.0 from lock file\nnpm ERR! Missing: jest-regex-util@29.6.3 from lock file\nnpm ERR! Missing: jest-resolve@29.7.0 from lock file\nnpm ERR! Missing: jest-resolve-dependencies@29.7.0 from lock file\nnpm ERR! Missing: jest-runner@29.7.0 from lock file\nnpm ERR! Missing: jest-runtime@29.7.0 from lock file\nnpm ERR! Missing: jest-snapshot@29.7.0 from lock file\nnpm ERR! Missing: jest-util@29.7.0 from lock file\nnpm ERR! Missing: jest-validate@29.7.0 from lock file\nnpm ERR! Missing: jest-watcher@29.7.0 from lock file\nnpm ERR! Missing: micromatch@4.0.7 from lock file\nnpm ERR! Missing: pretty-format@29.7.0 from lock file\nnpm ERR! Missing: slash@3.0.0 from lock file\nnpm ERR! Missing: @bcoe/v8-coverage@0.2.3 from lock file\nnpm ERR! Missing: @jridgewell/trace-mapping@0.3.25 from lock file\nnpm ERR! Missing: collect-v8-coverage@1.0.2 from lock file\nnpm ERR! Missing: istanbul-lib-coverage@3.2.2 from lock file\nnpm ERR! Missing: istanbul-lib-instrument@6.0.2 from lock file\nnpm ERR! Missing: istanbul-lib-report@3.0.1 from lock file\nnpm ERR! Missing: istanbul-lib-source-maps@4.0.1 from lock file\nnpm ERR! Missing: istanbul-reports@3.1.7 from lock file\nnpm ERR! Missing: jest-worker@29.7.0 from lock file\nnpm ERR! Missing: string-length@4.0.2 from lock file\nnpm ERR! Missing: v8-to-istanbul@9.2.0 from lock file\nnpm ERR! Missing: @types/istanbul-lib-coverage@2.0.6 from lock file\nnpm ERR! Missing: @babel/core@7.24.7 from lock file\nnpm ERR! Missing: babel-plugin-istanbul@6.1.1 from lock file\nnpm ERR! Missing: convert-source-map@2.0.0 from lock file\nnpm ERR! Missing: pirates@4.0.6 from lock file\nnpm ERR! Missing: write-file-atomic@4.0.2 from lock file\nnpm ERR! Missing: @ampproject/remapping@2.3.0 from lock file\nnpm ERR! Missing: @babel/code-frame@7.24.7 from lock file\nnpm ERR! Missing: @babel/generator@7.24.7 from lock file\nnpm ERR! Missing: @babel/helper-compilation-targets@7.24.7 from lock file\nnpm ERR! Missing: @babel/helper-module-transforms@7.24.7 from lock file\nnpm ERR! Missing: @babel/helpers@7.24.7 from lock file\nnpm ERR! Missing: @babel/parser@7.24.7 from lock file\nnpm ERR! Missing: @babel/template@7.24.7 from lock file\nnpm ERR! Missing: @babel/traverse@7.24.7 from lock file\nnpm ERR! Missing: @babel/types@7.24.7 from lock file\nnpm ERR! Missing: gensync@1.0.0-beta.2 from lock file\nnpm ERR! Missing: json5@2.2.3 from lock file\nnpm ERR! Missing: semver@6.3.1 from lock file\nnpm ERR! Missing: @jridgewell/gen-mapping@0.3.5 from lock file\nnpm ERR! Missing: @babel/highlight@7.24.7 from lock file\nnpm ERR! Missing: picocolors@1.0.1 from lock file\nnpm ERR! Missing: jsesc@2.5.2 from lock file\nnpm ERR! Missing: @babel/compat-data@7.24.7 from lock file\nnpm ERR! Missing: @babel/helper-validator-option@7.24.7 from lock file\nnpm ERR! Missing: browserslist@4.23.0 from lock file\nnpm ERR! Missing: lru-cache@5.1.1 from lock file\nnpm ERR! Missing: semver@6.3.1 from lock file\nnpm ERR! Missing: @babel/helper-environment-visitor@7.24.7 from lock file\nnpm ERR! Missing: @babel/helper-module-imports@7.24.7 from lock file\nnpm ERR! Missing: @babel/helper-simple-access@7.24.7 from lock file\nnpm ERR! Missing: @babel/helper-split-export-declaration@7.24.7 from lock file\nnpm ERR! Missing: @babel/helper-validator-identifier@7.24.7 from lock file\nnpm ERR! Missing: chalk@2.4.2 from lock file\nnpm ERR! Missing: js-tokens@4.0.0 from lock file\nnpm ERR! Missing: @babel/helper-function-name@7.24.7 from lock file\nnpm ERR! Missing: @babel/helper-hoist-variables@7.24.7 from lock file\nnpm ERR! Missing: globals@11.12.0 from lock file\nnpm ERR! Missing: @babel/helper-string-parser@7.24.7 from lock file\nnpm ERR! Missing: to-fast-properties@2.0.0 from lock file\nnpm ERR! Missing: @jest/schemas@29.6.3 from lock file\nnpm ERR! Missing: @types/istanbul-reports@3.0.4 from lock file\nnpm ERR! Missing: @types/yargs@17.0.32 from lock file\nnpm ERR! Missing: @sinclair/typebox@0.27.8 from lock file\nnpm ERR! Missing: @jridgewell/set-array@1.2.1 from lock file\nnpm ERR! Missing: @jridgewell/sourcemap-codec@1.4.15 from lock file\nnpm ERR! Missing: @jridgewell/resolve-uri@3.1.2 from lock file\nnpm ERR! Missing: @types/istanbul-lib-report@3.0.3 from lock file\nnpm ERR! Missing: @types/yargs-parser@21.0.3 from lock file\nnpm ERR! Missing: type-fest@0.21.3 from lock file\nnpm ERR! Missing: @babel/helper-plugin-utils@7.24.7 from lock file\nnpm ERR! Missing: @istanbuljs/load-nyc-config@1.1.0 from lock file\nnpm ERR! Missing: @istanbuljs/schema@0.1.3 from lock file\nnpm ERR! Missing: istanbul-lib-instrument@5.2.1 from lock file\nnpm ERR! Missing: test-exclude@6.0.0 from lock file\nnpm ERR! Missing: camelcase@5.3.1 from lock file\nnpm ERR! Missing: find-up@4.1.0 from lock file\nnpm ERR! Missing: get-package-type@0.1.0 from lock file\nnpm ERR! Missing: js-yaml@3.14.1 from lock file\nnpm ERR! Missing: resolve-from@5.0.0 from lock file\nnpm ERR! Missing: caniuse-lite@1.0.30001628 from lock file\nnpm ERR! Missing: electron-to-chromium@1.4.791 from lock file\nnpm ERR! Missing: node-releases@2.0.14 from lock file\nnpm ERR! Missing: update-browserslist-db@1.0.16 from lock file\nnpm ERR! Missing: pkg-dir@4.2.0 from lock file\nnpm ERR! Missing: resolve-cwd@3.0.0 from lock file\nnpm ERR! Missing: make-dir@4.0.0 from lock file\nnpm ERR! Missing: source-map@0.6.1 from lock file\nnpm ERR! Missing: html-escaper@2.0.2 from lock file\nnpm ERR! Missing: execa@5.1.1 from lock file\nnpm ERR! Missing: get-stream@6.0.1 from lock file\nnpm ERR! Missing: human-signals@2.1.0 from lock file\nnpm ERR! Missing: merge-stream@2.0.0 from lock file\nnpm ERR! Missing: npm-run-path@4.0.1 from lock file\nnpm ERR! Missing: onetime@5.1.2 from lock file\nnpm ERR! Missing: signal-exit@3.0.7 from lock file\nnpm ERR! Missing: strip-final-newline@2.0.0 from lock file\nnpm ERR! Missing: create-jest@29.7.0 from lock file\nnpm ERR! Missing: prompts@2.4.2 from lock file\nnpm ERR! Missing: @jest/test-sequencer@29.7.0 from lock file\nnpm ERR! Missing: babel-jest@29.7.0 from lock file\nnpm ERR! Missing: deepmerge@4.3.1 from lock file\nnpm ERR! Missing: jest-circus@29.7.0 from lock file\nnpm ERR! Missing: jest-environment-node@29.7.0 from lock file\nnpm ERR! Missing: jest-get-type@29.6.3 from lock file\nnpm ERR! Missing: parse-json@5.2.0 from lock file\nnpm ERR! Missing: @types/babel__core@7.20.5 from lock file\nnpm ERR! Missing: babel-preset-jest@29.6.3 from lock file\nnpm ERR! Missing: @types/babel__generator@7.6.8 from lock file\nnpm ERR! Missing: @types/babel__template@7.4.4 from lock file\nnpm ERR! Missing: @types/babel__traverse@7.20.6 from lock file\nnpm ERR! Missing: babel-plugin-jest-hoist@29.6.3 from lock file\nnpm ERR! Missing: babel-preset-current-node-syntax@1.0.1 from lock file\nnpm ERR! Missing: @babel/plugin-syntax-async-generators@7.8.4 from lock file\nnpm ERR! Missing: @babel/plugin-syntax-bigint@7.8.3 from lock file\nnpm ERR! Missing: @babel/plugin-syntax-class-properties@7.12.13 from lock file\nnpm ERR! Missing: @babel/plugin-syntax-import-meta@7.10.4 from lock file\nnpm ERR! Missing: @babel/plugin-syntax-json-strings@7.8.3 from lock file\nnpm ERR! Missing: @babel/plugin-syntax-logical-assignment-operators@7.10.4 from lock file\nnpm ERR! Missing: @babel/plugin-syntax-nullish-coalescing-operator@7.8.3 from lock file\nnpm ERR! Missing: @babel/plugin-syntax-numeric-separator@7.10.4 from lock file\nnpm ERR! Missing: @babel/plugin-syntax-object-rest-spread@7.8.3 from lock file\nnpm ERR! Missing: @babel/plugin-syntax-optional-catch-binding@7.8.3 from lock file\nnpm ERR! Missing: @babel/plugin-syntax-optional-chaining@7.8.3 from lock file\nnpm ERR! Missing: @babel/plugin-syntax-top-level-await@7.14.5 from lock file\nnpm ERR! Missing: @jest/environment@29.7.0 from lock file\nnpm ERR! Missing: @jest/expect@29.7.0 from lock file\nnpm ERR! Missing: co@4.6.0 from lock file\nnpm ERR! Missing: dedent@1.5.3 from lock file\nnpm ERR! Missing: is-generator-fn@2.1.0 from lock file\nnpm ERR! Missing: jest-each@29.7.0 from lock file\nnpm ERR! Missing: jest-matcher-utils@29.7.0 from lock file\nnpm ERR! Missing: pure-rand@6.1.0 from lock file\nnpm ERR! Missing: stack-utils@2.0.6 from lock file\nnpm ERR! Missing: @jest/fake-timers@29.7.0 from lock file\nnpm ERR! Missing: jest-mock@29.7.0 from lock file\nnpm ERR! Missing: expect@29.7.0 from lock file\nnpm ERR! Missing: @sinonjs/fake-timers@10.3.0 from lock file\nnpm ERR! Missing: @sinonjs/commons@3.0.1 from lock file\nnpm ERR! Missing: type-detect@4.0.8 from lock file\nnpm ERR! Missing: @jest/expect-utils@29.7.0 from lock file\nnpm ERR! Missing: @types/graceful-fs@4.1.9 from lock file\nnpm ERR! Missing: anymatch@3.1.3 from lock file\nnpm ERR! Missing: fb-watchman@2.0.2 from lock file\nnpm ERR! Missing: fsevents@2.3.3 from lock file\nnpm ERR! Missing: walker@1.0.8 from lock file\nnpm ERR! Missing: normalize-path@3.0.0 from lock file\nnpm ERR! Missing: picomatch@2.3.1 from lock file\nnpm ERR! Missing: bser@2.1.1 from lock file\nnpm ERR! Missing: node-int64@0.4.0 from lock file\nnpm ERR! Missing: jest-diff@29.7.0 from lock file\nnpm ERR! Missing: diff-sequences@29.6.3 from lock file\nnpm ERR! Missing: @types/stack-utils@2.0.3 from lock file\nnpm ERR! Missing: jest-pnp-resolver@1.2.3 from lock file\nnpm ERR! Missing: resolve@1.22.8 from lock file\nnpm ERR! Missing: resolve.exports@2.0.2 from lock file\nnpm ERR! Missing: emittery@0.13.1 from lock file\nnpm ERR! Missing: jest-docblock@29.7.0 from lock file\nnpm ERR! Missing: jest-leak-detector@29.7.0 from lock file\nnpm ERR! Missing: source-map-support@0.5.13 from lock file\nnpm ERR! Missing: detect-newline@3.1.0 from lock file\nnpm ERR! Missing: @jest/globals@29.7.0 from lock file\nnpm ERR! Missing: @jest/source-map@29.6.3 from lock file\nnpm ERR! Missing: cjs-module-lexer@1.3.1 from lock file\nnpm ERR! Missing: strip-bom@4.0.0 from lock file\nnpm ERR! Missing: @babel/plugin-syntax-jsx@7.24.7 from lock file\nnpm ERR! Missing: @babel/plugin-syntax-typescript@7.24.7 from lock file\nnpm ERR! Missing: camelcase@6.3.0 from lock file\nnpm ERR! Missing: leven@3.1.0 from lock file\nnpm ERR! Missing: supports-color@8.1.1 from lock file\nnpm ERR! Missing: braces@3.0.3 from lock file\nnpm ERR! Missing: fill-range@7.1.1 from lock file\nnpm ERR! Missing: to-regex-range@5.0.1 from lock file\nnpm ERR! Missing: mimic-fn@2.1.0 from lock file\nnpm ERR! Missing: error-ex@1.3.2 from lock file\nnpm ERR! Missing: json-parse-even-better-errors@2.3.1 from lock file\nnpm ERR! Missing: lines-and-columns@1.2.4 from lock file\nnpm ERR! Missing: is-arrayish@0.2.1 from lock file\nnpm ERR! Missing: find-up@4.1.0 from lock file\nnpm ERR! Missing: ansi-styles@5.2.0 from lock file\nnpm ERR! Missing: react-is@18.3.1 from lock file\nnpm ERR! Missing: kleur@3.0.3 from lock file\nnpm ERR! Missing: sisteransi@1.0.5 from lock file\nnpm ERR! Missing: is-core-module@2.13.1 from lock file\nnpm ERR! Missing: path-parse@1.0.7 from lock file\nnpm ERR! Missing: supports-preserve-symlinks-flag@1.0.0 from lock file\nnpm ERR! Missing: resolve-from@5.0.0 from lock file\nnpm ERR! Missing: buffer-from@1.1.2 from lock file\nnpm ERR! Missing: escape-string-regexp@2.0.0 from lock file\nnpm ERR! Missing: char-regex@1.0.2 from lock file\nnpm ERR! Missing: is-number@7.0.0 from lock file\nnpm ERR! Missing: makeerror@1.0.12 from lock file\nnpm ERR! Missing: tmpl@1.0.5 from lock file\nnpm ERR! Missing: yallist@3.1.1 from lock file\nnpm ERR! Missing: ansi-styles@3.2.1 from lock file\nnpm ERR! Missing: escape-string-regexp@1.0.5 from lock file\nnpm ERR! Missing: supports-color@5.5.0 from lock file\nnpm ERR! Missing: color-convert@1.9.3 from lock file\nnpm ERR! Missing: color-name@1.1.3 from lock file\nnpm ERR! Missing: has-flag@3.0.0 from lock file\nnpm ERR! Missing: locate-path@5.0.0 from lock file\nnpm ERR! Missing: argparse@1.0.10 from lock file\nnpm ERR! Missing: esprima@4.0.1 from lock file\nnpm ERR! Missing: sprintf-js@1.0.3 from lock file\nnpm ERR! Missing: p-locate@4.1.0 from lock file\nnpm ERR! Missing: p-limit@2.3.0 from lock file\nnpm ERR! Missing: p-try@2.2.0 from lock file\nnpm ERR! Missing: semver@6.3.1 from lock file\nnpm ERR! Missing: locate-path@5.0.0 from lock file\nnpm ERR! Missing: p-locate@4.1.0 from lock file\nnpm ERR! Missing: p-limit@2.3.0 from lock file\nnpm ERR! \nnpm ERR! Clean install a project\nnpm ERR! \nnpm ERR! Usage:\nnpm ERR! npm ci\nnpm ERR! \nnpm ERR! Options:\nnpm ERR! [--install-strategy <hoisted|nested|shallow|linked>] [--legacy-bundling]\nnpm ERR! [--global-style] [--omit <dev|optional|peer> [--omit <dev|optional|peer> ...]]\nnpm ERR! [--include <prod|dev|optional|peer> [--include <prod|dev|optional|peer> ...]]\nnpm ERR! [--strict-peer-deps] [--foreground-scripts] [--ignore-scripts] [--no-audit]\nnpm ERR! [--no-bin-links] [--no-fund] [--dry-run]\nnpm ERR! [-w|--workspace <workspace-name> [-w|--workspace <workspace-name> ...]]\nnpm ERR! [-ws|--workspaces] [--include-workspace-root] [--install-links]\nnpm ERR! \nnpm ERR! aliases: clean-install, ic, install-clean, isntall-clean\nnpm ERR! \nnpm ERR! Run \"npm help ci\" for more info\n\nnpm ERR! A complete log of this run can be found in: /www-data-home/.npm/_logs/2024-06-06T06_40_46_774Z-debug-0.log; Error ID: beaf8772"
    },
    "status": 3,
    "code": 3
  }
}
[debug] [2024-06-06T06:41:17.188Z] Error: Failed to create function sendContactEmail in region us-central1
    at C:\Users\lindo\AppData\Roaming\npm\node_modules\firebase-tools\lib\deploy\functions\release\fabricator.js:52:11
    at process.processTicksAndRejections (node:internal/process/task_queues:95:5)
    at async Fabricator.createV1Function (C:\Users\lindo\AppData\Roaming\npm\node_modules\firebase-tools\lib\deploy\functions\release\fabricator.js:182:32)
    at async Fabricator.createEndpoint (C:\Users\lindo\AppData\Roaming\npm\node_modules\firebase-tools\lib\deploy\functions\release\fabricator.js:134:13)
    at async handle (C:\Users\lindo\AppData\Roaming\npm\node_modules\firebase-tools\lib\deploy\functions\release\fabricator.js:89:17)
[error] 
[error] Error: There was an error deploying functions
